<?xml version="1.0" encoding="UTF-8"?>
<testsuite xmlns:xsi="http://www.w3.org/2001/XMLSchema-instance" xsi:noNamespaceSchemaLocation="https://maven.apache.org/surefire/maven-surefire-plugin/xsd/surefire-test-report.xsd" version="3.0.2" name="br.com.erudio.integrationtests.controllers.withjson.PersonControllerJsonTest" time="30.925" tests="7" errors="0" skipped="0" failures="0">
  <properties>
[...]
</properties>
  <testcase name="createTest" classname="br.com.erudio.integrationtests.controllers.withjson.PersonControllerJsonTest" time="2.144">
    <system-out><![CDATA[21:36:51.407 [main] INFO org.springframework.test.context.support.AnnotationConfigContextLoaderUtils -- Could not detect default configuration classes for test class [br.com.erudio.integrationtests.testcontainers.AbstractIntegrationTest]: AbstractIntegrationTest does not declare any static, non-private, non-final, nested classes annotated with @Configuration.
21:36:51.571 [main] INFO org.springframework.boot.test.context.SpringBootTestContextBootstrapper -- Found @SpringBootConfiguration br.com.erudio.Startup for test class br.com.erudio.integrationtests.controllers.withjson.PersonControllerJsonTest
21:36:51.951 [main] INFO org.testcontainers.images.PullPolicy -- Image pull policy will be performed by: DefaultPullPolicy()
21:36:51.955 [main] INFO org.testcontainers.utility.ImageNameSubstitutor -- Image name substitution will be performed by: DefaultImageNameSubstitutor (composite of 'ConfigurationFileImageNameSubstitutor' and 'PrefixingImageNameSubstitutor')
21:36:52.031 [main] INFO org.springframework.boot.devtools.restart.RestartApplicationListener -- Restart disabled due to context in which it is running

  .   ____          _            __ _ _
 /\\ / ___'_ __ _ _(_)_ __  __ _ \ \ \ \
( ( )\___ | '_ | '_| | '_ \/ _` | \ \ \ \
 \\/  ___)| |_)| | | | | || (_| |  ) ) ) )
  '  |____| .__|_| |_|_| |_\__, | / / / /
 =========|_|==============|___/=/_/_/_/

 :: Spring Boot ::                (v3.4.0)

2026-08-27T21:36:52.471-03:00  INFO 15036 --- [rest-with-spring-boot-and-java-erudio] [ers-lifecycle-0] org.testcontainers.DockerClientFactory   : Testcontainers version: 1.20.4
2026-08-27T21:36:52.728-03:00  INFO 15036 --- [rest-with-spring-boot-and-java-erudio] [ers-lifecycle-0] o.t.d.DockerClientProviderStrategy       : Loaded org.testcontainers.dockerclient.NpipeSocketClientProviderStrategy from ~/.testcontainers.properties, will try it first
2026-08-27T21:36:53.162-03:00  INFO 15036 --- [rest-with-spring-boot-and-java-erudio] [ers-lifecycle-0] o.t.d.DockerClientProviderStrategy       : Found Docker environment with local Npipe socket (npipe:////./pipe/docker_engine)
2026-08-27T21:36:53.163-03:00  INFO 15036 --- [rest-with-spring-boot-and-java-erudio] [ers-lifecycle-0] org.testcontainers.DockerClientFactory   : Docker host IP address is localhost
2026-08-27T21:36:53.183-03:00  INFO 15036 --- [rest-with-spring-boot-and-java-erudio] [ers-lifecycle-0] org.testcontainers.DockerClientFactory   : Connected to docker: 
  Server Version: 28.3.2
  API Version: 1.51
  Operating System: Docker Desktop
  Total Memory: 7863 MB
  Labels: 
    com.docker.desktop.address=npipe://\\.\pipe\docker_cli
2026-08-27T21:36:53.330-03:00  INFO 15036 --- [rest-with-spring-boot-and-java-erudio] [ers-lifecycle-0] tc.testcontainers/ryuk:0.11.0            : Creating container for image: testcontainers/ryuk:0.11.0
2026-08-27T21:36:53.612-03:00  INFO 15036 --- [rest-with-spring-boot-and-java-erudio] [ers-lifecycle-0] tc.testcontainers/ryuk:0.11.0            : Container testcontainers/ryuk:0.11.0 is starting: 620a456fd5f98a1bddaf549d59fd9bb288d64cbf8657acb4c438d994dfcc3059
2026-08-27T21:36:54.229-03:00  INFO 15036 --- [rest-with-spring-boot-and-java-erudio] [ers-lifecycle-0] tc.testcontainers/ryuk:0.11.0            : Container testcontainers/ryuk:0.11.0 started in PT0.8980668S
2026-08-27T21:36:54.238-03:00  INFO 15036 --- [rest-with-spring-boot-and-java-erudio] [ers-lifecycle-0] o.t.utility.RyukResourceReaper           : Ryuk started - will monitor and terminate Testcontainers containers on JVM exit
2026-08-27T21:36:54.238-03:00  INFO 15036 --- [rest-with-spring-boot-and-java-erudio] [ers-lifecycle-0] org.testcontainers.DockerClientFactory   : Checking the system...
2026-08-27T21:36:54.239-03:00  INFO 15036 --- [rest-with-spring-boot-and-java-erudio] [ers-lifecycle-0] org.testcontainers.DockerClientFactory   : ✔︎ Docker server version should be at least 1.6.0
2026-08-27T21:36:54.241-03:00  INFO 15036 --- [rest-with-spring-boot-and-java-erudio] [ers-lifecycle-0] tc.mysql:9.1.0                           : Creating container for image: mysql:9.1.0
2026-08-27T21:36:54.411-03:00  INFO 15036 --- [rest-with-spring-boot-and-java-erudio] [ers-lifecycle-0] tc.mysql:9.1.0                           : Container mysql:9.1.0 is starting: 046d7525534fa37c4292828d5cd169875fe38c6645bd4ccbbb42e19d289dda0c
2026-08-27T21:36:54.720-03:00  INFO 15036 --- [rest-with-spring-boot-and-java-erudio] [ers-lifecycle-0] tc.mysql:9.1.0                           : Waiting for database connection to become available at jdbc:mysql://localhost:52308/test using query 'SELECT 1'
2026-08-27T21:37:11.888-03:00  INFO 15036 --- [rest-with-spring-boot-and-java-erudio] [ers-lifecycle-0] tc.mysql:9.1.0                           : Container mysql:9.1.0 started in PT17.6470093S
2026-08-27T21:37:11.889-03:00  INFO 15036 --- [rest-with-spring-boot-and-java-erudio] [ers-lifecycle-0] tc.mysql:9.1.0                           : Container is started (JDBC URL: jdbc:mysql://localhost:52308/test)
2026-08-27T21:37:11.894-03:00  INFO 15036 --- [rest-with-spring-boot-and-java-erudio] [           main] b.c.e.i.c.w.PersonControllerJsonTest     : Starting PersonControllerJsonTest using Java 21.0.9 with PID 15036 (started by liedson in X:\Programacao\Desenvolvimento Back-end\rest-with-spring-boot-and-java-erudio)
2026-08-27T21:37:11.895-03:00  INFO 15036 --- [rest-with-spring-boot-and-java-erudio] [           main] b.c.e.i.c.w.PersonControllerJsonTest     : No active profile set, falling back to 1 default profile: "default"
2026-08-27T21:37:13.082-03:00  INFO 15036 --- [rest-with-spring-boot-and-java-erudio] [           main] .s.d.r.c.RepositoryConfigurationDelegate : Bootstrapping Spring Data JPA repositories in DEFAULT mode.
2026-08-27T21:37:13.199-03:00  INFO 15036 --- [rest-with-spring-boot-and-java-erudio] [           main] .s.d.r.c.RepositoryConfigurationDelegate : Finished Spring Data repository scanning in 104 ms. Found 2 JPA repository interfaces.
2026-08-27T21:37:13.923-03:00  INFO 15036 --- [rest-with-spring-boot-and-java-erudio] [           main] o.s.b.w.embedded.tomcat.TomcatWebServer  : Tomcat initialized with port 8888 (http)
2026-08-27T21:37:13.940-03:00  INFO 15036 --- [rest-with-spring-boot-and-java-erudio] [           main] o.apache.catalina.core.StandardService   : Starting service [Tomcat]
2026-08-27T21:37:13.941-03:00  INFO 15036 --- [rest-with-spring-boot-and-java-erudio] [           main] o.apache.catalina.core.StandardEngine    : Starting Servlet engine: [Apache Tomcat/10.1.33]
2026-08-27T21:37:14.033-03:00  INFO 15036 --- [rest-with-spring-boot-and-java-erudio] [           main] o.a.c.c.C.[Tomcat].[localhost].[/]       : Initializing Spring embedded WebApplicationContext
2026-08-27T21:37:14.034-03:00  INFO 15036 --- [rest-with-spring-boot-and-java-erudio] [           main] w.s.c.ServletWebServerApplicationContext : Root WebApplicationContext: initialization completed in 1965 ms
2026-08-27T21:37:14.341-03:00  INFO 15036 --- [rest-with-spring-boot-and-java-erudio] [           main] com.zaxxer.hikari.HikariDataSource       : HikariPool-1 - Starting...
2026-08-27T21:37:14.724-03:00  INFO 15036 --- [rest-with-spring-boot-and-java-erudio] [           main] com.zaxxer.hikari.pool.HikariPool        : HikariPool-1 - Added connection com.mysql.cj.jdbc.ConnectionImpl@75f8d9b0
2026-08-27T21:37:14.727-03:00  INFO 15036 --- [rest-with-spring-boot-and-java-erudio] [           main] com.zaxxer.hikari.HikariDataSource       : HikariPool-1 - Start completed.
2026-08-27T21:37:14.773-03:00  INFO 15036 --- [rest-with-spring-boot-and-java-erudio] [           main] org.flywaydb.core.FlywayExecutor         : Database: jdbc:mysql://localhost:52308/test (MySQL 9.1)
2026-08-27T21:37:15.219-03:00  WARN 15036 --- [rest-with-spring-boot-and-java-erudio] [           main] o.f.c.internal.database.base.Database    : Flyway upgrade recommended: MySQL 9.1 is newer than this version of Flyway and support has not been tested. The latest supported version of MySQL is 8.1.
2026-08-27T21:37:15.258-03:00  INFO 15036 --- [rest-with-spring-boot-and-java-erudio] [           main] o.f.c.i.s.JdbcTableSchemaHistory         : Schema history table `test`.`flyway_schema_history` does not exist yet
2026-08-27T21:37:15.264-03:00  INFO 15036 --- [rest-with-spring-boot-and-java-erudio] [           main] o.f.core.internal.command.DbValidate     : Successfully validated 6 migrations (execution time 00:00.029s)
2026-08-27T21:37:15.312-03:00  INFO 15036 --- [rest-with-spring-boot-and-java-erudio] [           main] o.f.c.i.s.JdbcTableSchemaHistory         : Creating Schema History table `test`.`flyway_schema_history` ...
2026-08-27T21:37:15.435-03:00  INFO 15036 --- [rest-with-spring-boot-and-java-erudio] [           main] o.f.core.internal.command.DbMigrate      : Current version of schema `test`: << Empty Schema >>
2026-08-27T21:37:15.447-03:00  INFO 15036 --- [rest-with-spring-boot-and-java-erudio] [           main] o.f.core.internal.command.DbMigrate      : Migrating schema `test` to version "1 - Create Table Person"
2026-08-27T21:37:15.477-03:00  WARN 15036 --- [rest-with-spring-boot-and-java-erudio] [           main] o.f.c.i.s.DefaultSqlScriptExecutor       : DB: Integer display width is deprecated and will be removed in a future release. (SQL State: HY000 - Error Code: 1681)
2026-08-27T21:37:15.530-03:00  INFO 15036 --- [rest-with-spring-boot-and-java-erudio] [           main] o.f.core.internal.command.DbMigrate      : Migrating schema `test` to version "2 - Populate Table Person"
2026-08-27T21:37:15.583-03:00  INFO 15036 --- [rest-with-spring-boot-and-java-erudio] [           main] o.f.core.internal.command.DbMigrate      : Migrating schema `test` to version "3 - Create Table Books"
2026-08-27T21:37:15.627-03:00  WARN 15036 --- [rest-with-spring-boot-and-java-erudio] [           main] o.f.c.i.s.DefaultSqlScriptExecutor       : DB: Integer display width is deprecated and will be removed in a future release. (SQL State: HY000 - Error Code: 1681)
2026-08-27T21:37:15.668-03:00  INFO 15036 --- [rest-with-spring-boot-and-java-erudio] [           main] o.f.core.internal.command.DbMigrate      : Migrating schema `test` to version "4 - Insert Data In Books"
2026-08-27T21:37:15.714-03:00  INFO 15036 --- [rest-with-spring-boot-and-java-erudio] [           main] o.f.core.internal.command.DbMigrate      : Migrating schema `test` to version "5 - Alter Table Person"
2026-08-27T21:37:15.806-03:00  INFO 15036 --- [rest-with-spring-boot-and-java-erudio] [           main] o.f.core.internal.command.DbMigrate      : Migrating schema `test` to version "6 - Populate Person With Many"
2026-08-27T21:37:15.884-03:00  INFO 15036 --- [rest-with-spring-boot-and-java-erudio] [           main] o.f.core.internal.command.DbMigrate      : Successfully applied 6 migrations to schema `test`, now at version v6 (execution time 00:00.172s)
2026-08-27T21:37:16.027-03:00  INFO 15036 --- [rest-with-spring-boot-and-java-erudio] [           main] o.hibernate.jpa.internal.util.LogHelper  : HHH000204: Processing PersistenceUnitInfo [name: default]
2026-08-27T21:37:16.101-03:00  INFO 15036 --- [rest-with-spring-boot-and-java-erudio] [           main] org.hibernate.Version                    : HHH000412: Hibernate ORM core version 6.6.2.Final
2026-08-27T21:37:16.150-03:00  INFO 15036 --- [rest-with-spring-boot-and-java-erudio] [           main] o.h.c.internal.RegionFactoryInitiator    : HHH000026: Second-level cache disabled
2026-08-27T21:37:16.442-03:00  INFO 15036 --- [rest-with-spring-boot-and-java-erudio] [           main] o.s.o.j.p.SpringPersistenceUnitInfo      : No LoadTimeWeaver setup: ignoring JPA class transformer
2026-08-27T21:37:16.526-03:00  INFO 15036 --- [rest-with-spring-boot-and-java-erudio] [           main] org.hibernate.orm.connections.pooling    : HHH10001005: Database info:
	Database JDBC URL [Connecting through datasource 'HikariDataSource (HikariPool-1)']
	Database driver: undefined/unknown
	Database version: 9.1
	Autocommit mode: undefined/unknown
	Isolation level: undefined/unknown
	Minimum pool size: undefined/unknown
	Maximum pool size: undefined/unknown
2026-08-27T21:37:17.311-03:00  INFO 15036 --- [rest-with-spring-boot-and-java-erudio] [           main] o.h.e.t.j.p.i.JtaPlatformInitiator       : HHH000489: No JTA platform available (set 'hibernate.transaction.jta.platform' to enable JTA platform integration)
2026-08-27T21:37:17.314-03:00  INFO 15036 --- [rest-with-spring-boot-and-java-erudio] [           main] j.LocalContainerEntityManagerFactoryBean : Initialized JPA EntityManagerFactory for persistence unit 'default'
2026-08-27T21:37:17.693-03:00  INFO 15036 --- [rest-with-spring-boot-and-java-erudio] [           main] o.s.d.j.r.query.QueryEnhancerFactory     : Hibernate is in classpath; If applicable, HQL parser will be used.
2026-08-27T21:37:19.416-03:00  INFO 15036 --- [rest-with-spring-boot-and-java-erudio] [           main] o.s.b.w.embedded.tomcat.TomcatWebServer  : Tomcat started on port 8888 (http) with context path '/'
2026-08-27T21:37:19.426-03:00  INFO 15036 --- [rest-with-spring-boot-and-java-erudio] [           main] b.c.e.i.c.w.PersonControllerJsonTest     : Started PersonControllerJsonTest in 27.41 seconds (process running for 28.976)
Request method:	POST
Request URI:	http://localhost:8888/api/person/v1
Proxy:			<none>
Request params:	<none>
Query params:	<none>
Form params:	<none>
Path params:	<none>
Headers:		Origin=https://www.erudio.com.br
				Accept=*/*
				Content-Type=application/json
Cookies:		<none>
Multiparts:		<none>
Body:
{
    "id": null,
    "firstName": "Linus",
    "lastName": "Torvalds",
    "birthDay": null,
    "address": "Helsinki - Finland",
    "gender": "Male",
    "enabled": true,
    "sensitiveData": null,
    "links": [
        
    ]
}
2026-08-27T21:37:21.054-03:00  INFO 15036 --- [rest-with-spring-boot-and-java-erudio] [nio-8888-exec-1] o.a.c.c.C.[Tomcat].[localhost].[/]       : Initializing Spring DispatcherServlet 'dispatcherServlet'
2026-08-27T21:37:21.054-03:00  INFO 15036 --- [rest-with-spring-boot-and-java-erudio] [nio-8888-exec-1] o.s.web.servlet.DispatcherServlet        : Initializing Servlet 'dispatcherServlet'
2026-08-27T21:37:21.055-03:00  INFO 15036 --- [rest-with-spring-boot-and-java-erudio] [nio-8888-exec-1] o.s.web.servlet.DispatcherServlet        : Completed initialization in 1 ms
2026-08-27T21:37:21.148-03:00  INFO 15036 --- [rest-with-spring-boot-and-java-erudio] [nio-8888-exec-1] br.com.erudio.services.PersonServices    : Creating one Person!
2026-08-27T21:37:21.152-03:00  INFO 15036 --- [rest-with-spring-boot-and-java-erudio] [nio-8888-exec-1] c.g.dozermapper.core.util.RuntimeUtils   : OSGi support is false
2026-08-27T21:37:21.152-03:00  INFO 15036 --- [rest-with-spring-boot-and-java-erudio] [nio-8888-exec-1] c.g.d.core.DozerBeanMapperBuilder        : Initializing Dozer. Version: 7.0.0, Thread Name: http-nio-8888-exec-1
2026-08-27T21:37:21.158-03:00  INFO 15036 --- [rest-with-spring-boot-and-java-erudio] [nio-8888-exec-1] d.c.c.r.LegacyPropertiesSettingsResolver : Trying to find Dozer configuration file: dozer.properties
2026-08-27T21:37:21.159-03:00  INFO 15036 --- [rest-with-spring-boot-and-java-erudio] [nio-8888-exec-1] d.c.c.r.LegacyPropertiesSettingsResolver : Failed to find dozer.properties via com.github.dozermapper.core.config.resolvers.LegacyPropertiesSettingsResolver.
2026-08-27T21:37:21.163-03:00  INFO 15036 --- [rest-with-spring-boot-and-java-erudio] [nio-8888-exec-1] c.g.d.core.el.ELExpressionFactory        : jakarta.el is not supported; Failed to resolve ExpressionFactory, com.sun.el.ExpressionFactoryImpl
HTTP/1.1 200 
Vary: Origin
Vary: Access-Control-Request-Method
Vary: Access-Control-Request-Headers
Access-Control-Allow-Origin: https://www.erudio.com.br
Access-Control-Allow-Credentials: true
Content-Type: application/json
Transfer-Encoding: chunked
Date: Fri, 28 Aug 2026 00:37:21 GMT
Keep-Alive: timeout=60
Connection: keep-alive

{
    "id": 1013,
    "firstName": "Linus",
    "lastName": "Torvalds",
    "birthDay": null,
    "address": "Helsinki - Finland",
    "gender": "Male",
    "enabled": true,
    "sensitiveData": null,
    "_links": {
        "self": {
            "href": "http://localhost:8888/api/person/v1/1013",
            "type": "GET"
        },
        "findAll": {
            "href": "http://localhost:8888/api/person/v1?page=1&size=12&direction=asc",
            "type": "GET"
        },
        "create": {
            "href": "http://localhost:8888/api/person/v1",
            "type": "POST"
        },
        "update": {
            "href": "http://localhost:8888/api/person/v1",
            "type": "PUT"
        },
        "disable": {
            "href": "http://localhost:8888/api/person/v1/1013",
            "type": "PATCH"
        },
        "delete": {
            "href": "http://localhost:8888/api/person/v1/1013",
            "type": "DELETE"
        }
    }
}
]]></system-out>
    <system-err><![CDATA[Mockito is currently self-attaching to enable the inline-mock-maker. This will no longer work in future releases of the JDK. Please add Mockito as an agent to your build what is described in Mockito's documentation: https://javadoc.io/doc/org.mockito/mockito-core/latest/org/mockito/Mockito.html#0.3
WARNING: A Java agent has been loaded dynamically (C:\Users\liedson\.m2\repository\net\bytebuddy\byte-buddy-agent\1.15.10\byte-buddy-agent-1.15.10.jar)
WARNING: If a serviceability tool is in use, please run with -XX:+EnableDynamicAgentLoading to hide this warning
WARNING: If a serviceability tool is not in use, please run with -Djdk.instrument.traceUsage for more information
WARNING: Dynamic loading of agents will be disallowed by default in a future release
]]></system-err>
  </testcase>
  <testcase name="updateTest" classname="br.com.erudio.integrationtests.controllers.withjson.PersonControllerJsonTest" time="0.109">
    <system-out><![CDATA[Request method:	PUT
Request URI:	http://localhost:8888/api/person/v1
Proxy:			<none>
Request params:	<none>
Query params:	<none>
Form params:	<none>
Path params:	<none>
Headers:		Origin=https://www.erudio.com.br
				Accept=*/*
				Content-Type=application/json
Cookies:		<none>
Multiparts:		<none>
Body:
{
    "id": 1013,
    "firstName": "Linus",
    "lastName": "Benedict Torvalds",
    "birthDay": null,
    "address": "Helsinki - Finland",
    "gender": "Male",
    "enabled": true,
    "sensitiveData": null,
    "links": [
        
    ]
}
2026-08-27T21:37:21.612-03:00  INFO 15036 --- [rest-with-spring-boot-and-java-erudio] [nio-8888-exec-2] br.com.erudio.services.PersonServices    : Updating one Person!
HTTP/1.1 200 
Vary: Origin
Vary: Access-Control-Request-Method
Vary: Access-Control-Request-Headers
Access-Control-Allow-Origin: https://www.erudio.com.br
Access-Control-Allow-Credentials: true
Content-Type: application/json
Transfer-Encoding: chunked
Date: Fri, 28 Aug 2026 00:37:21 GMT
Keep-Alive: timeout=60
Connection: keep-alive

{
    "id": 1013,
    "firstName": "Linus",
    "lastName": "Benedict Torvalds",
    "birthDay": null,
    "address": "Helsinki - Finland",
    "gender": "Male",
    "enabled": true,
    "sensitiveData": null,
    "_links": {
        "self": {
            "href": "http://localhost:8888/api/person/v1/1013",
            "type": "GET"
        },
        "findAll": {
            "href": "http://localhost:8888/api/person/v1?page=1&size=12&direction=asc",
            "type": "GET"
        },
        "create": {
            "href": "http://localhost:8888/api/person/v1",
            "type": "POST"
        },
        "update": {
            "href": "http://localhost:8888/api/person/v1",
            "type": "PUT"
        },
        "disable": {
            "href": "http://localhost:8888/api/person/v1/1013",
            "type": "PATCH"
        },
        "delete": {
            "href": "http://localhost:8888/api/person/v1/1013",
            "type": "DELETE"
        }
    }
}
]]></system-out>
  </testcase>
  <testcase name="findByIdTest" classname="br.com.erudio.integrationtests.controllers.withjson.PersonControllerJsonTest" time="0.047">
    <system-out><![CDATA[Request method:	GET
Request URI:	http://localhost:8888/api/person/v1/1013
Proxy:			<none>
Request params:	<none>
Query params:	<none>
Form params:	<none>
Path params:	id=1013
Headers:		Origin=https://www.erudio.com.br
				Accept=*/*
				Content-Type=application/json
Cookies:		<none>
Multiparts:		<none>
Body:			<none>
2026-08-27T21:37:21.716-03:00  INFO 15036 --- [rest-with-spring-boot-and-java-erudio] [nio-8888-exec-3] br.com.erudio.services.PersonServices    : Finding one Person!
HTTP/1.1 200 
Vary: Origin
Vary: Access-Control-Request-Method
Vary: Access-Control-Request-Headers
Access-Control-Allow-Origin: https://www.erudio.com.br
Access-Control-Allow-Credentials: true
Content-Type: application/json
Transfer-Encoding: chunked
Date: Fri, 28 Aug 2026 00:37:21 GMT
Keep-Alive: timeout=60
Connection: keep-alive

{
    "id": 1013,
    "firstName": "Linus",
    "lastName": "Benedict Torvalds",
    "phoneNumber": "123456789",
    "birthDay": "28/08/2026",
    "address": "Helsinki - Finland",
    "gender": "Male",
    "enabled": true,
    "sensitiveData": "Foo Bar",
    "_links": {
        "self": {
            "href": "http://localhost:8888/api/person/v1/1013",
            "type": "GET"
        },
        "findAll": {
            "href": "http://localhost:8888/api/person/v1?page=1&size=12&direction=asc",
            "type": "GET"
        },
        "create": {
            "href": "http://localhost:8888/api/person/v1",
            "type": "POST"
        },
        "update": {
            "href": "http://localhost:8888/api/person/v1",
            "type": "PUT"
        },
        "disable": {
            "href": "http://localhost:8888/api/person/v1/1013",
            "type": "PATCH"
        },
        "delete": {
            "href": "http://localhost:8888/api/person/v1/1013",
            "type": "DELETE"
        }
    }
}
]]></system-out>
  </testcase>
  <testcase name="disableTest" classname="br.com.erudio.integrationtests.controllers.withjson.PersonControllerJsonTest" time="0.081">
    <system-out><![CDATA[Request method:	PATCH
Request URI:	http://localhost:8888/api/person/v1/1013
Proxy:			<none>
Request params:	<none>
Query params:	<none>
Form params:	<none>
Path params:	id=1013
Headers:		Origin=https://www.erudio.com.br
				Accept=*/*
				Content-Type=application/json
Cookies:		<none>
Multiparts:		<none>
Body:			<none>
2026-08-27T21:37:21.753-03:00  INFO 15036 --- [rest-with-spring-boot-and-java-erudio] [nio-8888-exec-4] br.com.erudio.services.PersonServices    : Disabling one Person!
HTTP/1.1 200 
Vary: Origin
Vary: Access-Control-Request-Method
Vary: Access-Control-Request-Headers
Access-Control-Allow-Origin: https://www.erudio.com.br
Access-Control-Allow-Credentials: true
Content-Type: application/json
Transfer-Encoding: chunked
Date: Fri, 28 Aug 2026 00:37:21 GMT
Keep-Alive: timeout=60
Connection: keep-alive

{
    "id": 1013,
    "firstName": "Linus",
    "lastName": "Benedict Torvalds",
    "birthDay": null,
    "address": "Helsinki - Finland",
    "gender": "Male",
    "enabled": false,
    "sensitiveData": null,
    "_links": {
        "self": {
            "href": "http://localhost:8888/api/person/v1/1013",
            "type": "GET"
        },
        "findAll": {
            "href": "http://localhost:8888/api/person/v1?page=1&size=12&direction=asc",
            "type": "GET"
        },
        "create": {
            "href": "http://localhost:8888/api/person/v1",
            "type": "POST"
        },
        "update": {
            "href": "http://localhost:8888/api/person/v1",
            "type": "PUT"
        },
        "disable": {
            "href": "http://localhost:8888/api/person/v1/1013",
            "type": "PATCH"
        },
        "delete": {
            "href": "http://localhost:8888/api/person/v1/1013",
            "type": "DELETE"
        }
    }
}
]]></system-out>
  </testcase>
  <testcase name="deleteTest" classname="br.com.erudio.integrationtests.controllers.withjson.PersonControllerJsonTest" time="0.048">
    <system-out><![CDATA[Request method:	DELETE
Request URI:	http://localhost:8888/api/person/v1/1013
Proxy:			<none>
Request params:	<none>
Query params:	<none>
Form params:	<none>
Path params:	id=1013
Headers:		Origin=https://www.erudio.com.br
				Accept=*/*
Cookies:		<none>
Multiparts:		<none>
Body:			<none>
2026-08-27T21:37:21.833-03:00  INFO 15036 --- [rest-with-spring-boot-and-java-erudio] [nio-8888-exec-5] br.com.erudio.services.PersonServices    : Deleting one Person!
HTTP/1.1 204 
Vary: Origin
Vary: Access-Control-Request-Method
Vary: Access-Control-Request-Headers
Access-Control-Allow-Origin: https://www.erudio.com.br
Access-Control-Allow-Credentials: true
Date: Fri, 28 Aug 2026 00:37:21 GMT
Keep-Alive: timeout=60
Connection: keep-alive
]]></system-out>
  </testcase>
  <testcase name="findAllTest" classname="br.com.erudio.integrationtests.controllers.withjson.PersonControllerJsonTest" time="0.174">
    <system-out><![CDATA[Request method:	GET
Request URI:	http://localhost:8888/api/person/v1?page=3&size=12&direction=asc
Proxy:			<none>
Request params:	<none>
Query params:	page=3
				size=12
				direction=asc
Form params:	<none>
Path params:	<none>
Headers:		Origin=https://www.erudio.com.br
				Accept=application/json
Cookies:		<none>
Multiparts:		<none>
Body:			<none>
2026-08-27T21:37:21.929-03:00  INFO 15036 --- [rest-with-spring-boot-and-java-erudio] [nio-8888-exec-6] br.com.erudio.services.PersonServices    : Finding all People!
HTTP/1.1 200 
Vary: Origin
Vary: Access-Control-Request-Method
Vary: Access-Control-Request-Headers
Access-Control-Allow-Origin: https://www.erudio.com.br
Access-Control-Allow-Credentials: true
Content-Type: application/json
Transfer-Encoding: chunked
Date: Fri, 28 Aug 2026 00:37:22 GMT
Keep-Alive: timeout=60
Connection: keep-alive

{
    "_embedded": {
        "people": [
            {
                "id": 799,
                "firstName": "Allin",
                "lastName": "Emmot",
                "birthDay": null,
                "address": "7913 Lindbergh Way",
                "gender": "Male",
                "enabled": false,
                "sensitiveData": null,
                "_links": {
                    "self": {
                        "href": "http://localhost:8888/api/person/v1/799",
                        "type": "GET"
                    },
                    "findAll": {
                        "href": "http://localhost:8888/api/person/v1?page=1&size=12&direction=asc",
                        "type": "GET"
                    },
                    "create": {
                        "href": "http://localhost:8888/api/person/v1",
                        "type": "POST"
                    },
                    "update": {
                        "href": "http://localhost:8888/api/person/v1",
                        "type": "PUT"
                    },
                    "disable": {
                        "href": "http://localhost:8888/api/person/v1/799",
                        "type": "PATCH"
                    },
                    "delete": {
                        "href": "http://localhost:8888/api/person/v1/799",
                        "type": "DELETE"
                    }
                }
            },
            {
                "id": 201,
                "firstName": "Allin",
                "lastName": "Otridge",
                "birthDay": null,
                "address": "09846 Independence Center",
                "gender": "Male",
                "enabled": false,
                "sensitiveData": null,
                "_links": {
                    "self": {
                        "href": "http://localhost:8888/api/person/v1/201",
                        "type": "GET"
                    },
                    "findAll": {
                        "href": "http://localhost:8888/api/person/v1?page=1&size=12&direction=asc",
                        "type": "GET"
                    },
                    "create": {
                        "href": "http://localhost:8888/api/person/v1",
                        "type": "POST"
                    },
                    "update": {
                        "href": "http://localhost:8888/api/person/v1",
                        "type": "PUT"
                    },
                    "disable": {
                        "href": "http://localhost:8888/api/person/v1/201",
                        "type": "PATCH"
                    },
                    "delete": {
                        "href": "http://localhost:8888/api/person/v1/201",
                        "type": "DELETE"
                    }
                }
            },
            {
                "id": 688,
                "firstName": "Allyn",
                "lastName": "Josh",
                "birthDay": null,
                "address": "119 Declaration Lane",
                "gender": "Female",
                "enabled": false,
                "sensitiveData": null,
                "_links": {
                    "self": {
                        "href": "http://localhost:8888/api/person/v1/688",
                        "type": "GET"
                    },
                    "findAll": {
                        "href": "http://localhost:8888/api/person/v1?page=1&size=12&direction=asc",
                        "type": "GET"
                    },
                    "create": {
                        "href": "http://localhost:8888/api/person/v1",
                        "type": "POST"
                    },
                    "update": {
                        "href": "http://localhost:8888/api/person/v1",
                        "type": "PUT"
                    },
                    "disable": {
                        "href": "http://localhost:8888/api/person/v1/688",
                        "type": "PATCH"
                    },
                    "delete": {
                        "href": "http://localhost:8888/api/person/v1/688",
                        "type": "DELETE"
                    }
                }
            },
            {
                "id": 689,
                "firstName": "Almeria",
                "lastName": "Curm",
                "birthDay": null,
                "address": "34 Burrows Point",
                "gender": "Female",
                "enabled": false,
                "sensitiveData": null,
                "_links": {
                    "self": {
                        "href": "http://localhost:8888/api/person/v1/689",
                        "type": "GET"
                    },
                    "findAll": {
                        "href": "http://localhost:8888/api/person/v1?page=1&size=12&direction=asc",
                        "type": "GET"
                    },
                    "create": {
                        "href": "http://localhost:8888/api/person/v1",
                        "type": "POST"
                    },
                    "update": {
                        "href": "http://localhost:8888/api/person/v1",
                        "type": "PUT"
                    },
                    "disable": {
                        "href": "http://localhost:8888/api/person/v1/689",
                        "type": "PATCH"
                    },
                    "delete": {
                        "href": "http://localhost:8888/api/person/v1/689",
                        "type": "DELETE"
                    }
                }
            },
            {
                "id": 211,
                "firstName": "Alonso",
                "lastName": "Luchelli",
                "birthDay": null,
                "address": "9 Doe Crossing Avenue",
                "gender": "Male",
                "enabled": false,
                "sensitiveData": null,
                "_links": {
                    "self": {
                        "href": "http://localhost:8888/api/person/v1/211",
                        "type": "GET"
                    },
                    "findAll": {
                        "href": "http://localhost:8888/api/person/v1?page=1&size=12&direction=asc",
                        "type": "GET"
                    },
                    "create": {
                        "href": "http://localhost:8888/api/person/v1",
                        "type": "POST"
                    },
                    "update": {
                        "href": "http://localhost:8888/api/person/v1",
                        "type": "PUT"
                    },
                    "disable": {
                        "href": "http://localhost:8888/api/person/v1/211",
                        "type": "PATCH"
                    },
                    "delete": {
                        "href": "http://localhost:8888/api/person/v1/211",
                        "type": "DELETE"
                    }
                }
            },
            {
                "id": 342,
                "firstName": "Alphonso",
                "lastName": "Eddisforth",
                "birthDay": null,
                "address": "485 Dayton Avenue",
                "gender": "Male",
                "enabled": true,
                "sensitiveData": null,
                "_links": {
                    "self": {
                        "href": "http://localhost:8888/api/person/v1/342",
                        "type": "GET"
                    },
                    "findAll": {
                        "href": "http://localhost:8888/api/person/v1?page=1&size=12&direction=asc",
                        "type": "GET"
                    },
                    "create": {
                        "href": "http://localhost:8888/api/person/v1",
                        "type": "POST"
                    },
                    "update": {
                        "href": "http://localhost:8888/api/person/v1",
                        "type": "PUT"
                    },
                    "disable": {
                        "href": "http://localhost:8888/api/person/v1/342",
                        "type": "PATCH"
                    },
                    "delete": {
                        "href": "http://localhost:8888/api/person/v1/342",
                        "type": "DELETE"
                    }
                }
            },
            {
                "id": 245,
                "firstName": "Alvera",
                "lastName": "MacMillan",
                "birthDay": null,
                "address": "59929 Loeprich Place",
                "gender": "Female",
                "enabled": false,
                "sensitiveData": null,
                "_links": {
                    "self": {
                        "href": "http://localhost:8888/api/person/v1/245",
                        "type": "GET"
                    },
                    "findAll": {
                        "href": "http://localhost:8888/api/person/v1?page=1&size=12&direction=asc",
                        "type": "GET"
                    },
                    "create": {
                        "href": "http://localhost:8888/api/person/v1",
                        "type": "POST"
                    },
                    "update": {
                        "href": "http://localhost:8888/api/person/v1",
                        "type": "PUT"
                    },
                    "disable": {
                        "href": "http://localhost:8888/api/person/v1/245",
                        "type": "PATCH"
                    },
                    "delete": {
                        "href": "http://localhost:8888/api/person/v1/245",
                        "type": "DELETE"
                    }
                }
            },
            {
                "id": 44,
                "firstName": "Alwin",
                "lastName": "Flockhart",
                "birthDay": null,
                "address": "81 Forest Run Alley",
                "gender": "Male",
                "enabled": false,
                "sensitiveData": null,
                "_links": {
                    "self": {
                        "href": "http://localhost:8888/api/person/v1/44",
                        "type": "GET"
                    },
                    "findAll": {
                        "href": "http://localhost:8888/api/person/v1?page=1&size=12&direction=asc",
                        "type": "GET"
                    },
                    "create": {
                        "href": "http://localhost:8888/api/person/v1",
                        "type": "POST"
                    },
                    "update": {
                        "href": "http://localhost:8888/api/person/v1",
                        "type": "PUT"
                    },
                    "disable": {
                        "href": "http://localhost:8888/api/person/v1/44",
                        "type": "PATCH"
                    },
                    "delete": {
                        "href": "http://localhost:8888/api/person/v1/44",
                        "type": "DELETE"
                    }
                }
            },
            {
                "id": 326,
                "firstName": "Amargo",
                "lastName": "Stalf",
                "birthDay": null,
                "address": "9 Golf View Trail",
                "gender": "Female",
                "enabled": true,
                "sensitiveData": null,
                "_links": {
                    "self": {
                        "href": "http://localhost:8888/api/person/v1/326",
                        "type": "GET"
                    },
                    "findAll": {
                        "href": "http://localhost:8888/api/person/v1?page=1&size=12&direction=asc",
                        "type": "GET"
                    },
                    "create": {
                        "href": "http://localhost:8888/api/person/v1",
                        "type": "POST"
                    },
                    "update": {
                        "href": "http://localhost:8888/api/person/v1",
                        "type": "PUT"
                    },
                    "disable": {
                        "href": "http://localhost:8888/api/person/v1/326",
                        "type": "PATCH"
                    },
                    "delete": {
                        "href": "http://localhost:8888/api/person/v1/326",
                        "type": "DELETE"
                    }
                }
            },
            {
                "id": 841,
                "firstName": "Amberly",
                "lastName": "Faherty",
                "birthDay": null,
                "address": "5906 Harbort Way",
                "gender": "Female",
                "enabled": false,
                "sensitiveData": null,
                "_links": {
                    "self": {
                        "href": "http://localhost:8888/api/person/v1/841",
                        "type": "GET"
                    },
                    "findAll": {
                        "href": "http://localhost:8888/api/person/v1?page=1&size=12&direction=asc",
                        "type": "GET"
                    },
                    "create": {
                        "href": "http://localhost:8888/api/person/v1",
                        "type": "POST"
                    },
                    "update": {
                        "href": "http://localhost:8888/api/person/v1",
                        "type": "PUT"
                    },
                    "disable": {
                        "href": "http://localhost:8888/api/person/v1/841",
                        "type": "PATCH"
                    },
                    "delete": {
                        "href": "http://localhost:8888/api/person/v1/841",
                        "type": "DELETE"
                    }
                }
            },
            {
                "id": 947,
                "firstName": "Ambros",
                "lastName": "Garrit",
                "birthDay": null,
                "address": "27 School Pass",
                "gender": "Male",
                "enabled": true,
                "sensitiveData": null,
                "_links": {
                    "self": {
                        "href": "http://localhost:8888/api/person/v1/947",
                        "type": "GET"
                    },
                    "findAll": {
                        "href": "http://localhost:8888/api/person/v1?page=1&size=12&direction=asc",
                        "type": "GET"
                    },
                    "create": {
                        "href": "http://localhost:8888/api/person/v1",
                        "type": "POST"
                    },
                    "update": {
                        "href": "http://localhost:8888/api/person/v1",
                        "type": "PUT"
                    },
                    "disable": {
                        "href": "http://localhost:8888/api/person/v1/947",
                        "type": "PATCH"
                    },
                    "delete": {
                        "href": "http://localhost:8888/api/person/v1/947",
                        "type": "DELETE"
                    }
                }
            },
            {
                "id": 571,
                "firstName": "Ambrosio",
                "lastName": "Walkowski",
                "birthDay": null,
                "address": "2613 Monument Junction",
                "gender": "Male",
                "enabled": true,
                "sensitiveData": null,
                "_links": {
                    "self": {
                        "href": "http://localhost:8888/api/person/v1/571",
                        "type": "GET"
                    },
                    "findAll": {
                        "href": "http://localhost:8888/api/person/v1?page=1&size=12&direction=asc",
                        "type": "GET"
                    },
                    "create": {
                        "href": "http://localhost:8888/api/person/v1",
                        "type": "POST"
                    },
                    "update": {
                        "href": "http://localhost:8888/api/person/v1",
                        "type": "PUT"
                    },
                    "disable": {
                        "href": "http://localhost:8888/api/person/v1/571",
                        "type": "PATCH"
                    },
                    "delete": {
                        "href": "http://localhost:8888/api/person/v1/571",
                        "type": "DELETE"
                    }
                }
            }
        ]
    },
    "_links": {
        "first": {
            "href": "http://localhost:8888/api/person/v1?direction=firstName%3A%20ASC&page=0&size=12&sort=firstName,asc"
        },
        "prev": {
            "href": "http://localhost:8888/api/person/v1?direction=firstName%3A%20ASC&page=2&size=12&sort=firstName,asc"
        },
        "self": {
            "href": "http://localhost:8888/api/person/v1?page=3&size=12&direction=firstName%3A%20ASC"
        },
        "next": {
            "href": "http://localhost:8888/api/person/v1?direction=firstName%3A%20ASC&page=4&size=12&sort=firstName,asc"
        },
        "last": {
            "href": "http://localhost:8888/api/person/v1?direction=firstName%3A%20ASC&page=84&size=12&sort=firstName,asc"
        }
    },
    "page": {
        "size": 12,
        "totalElements": 1009,
        "totalPages": 85,
        "number": 3
    }
}
]]></system-out>
  </testcase>
  <testcase name="findByNameTest" classname="br.com.erudio.integrationtests.controllers.withjson.PersonControllerJsonTest" time="0.104">
    <system-out><![CDATA[Request method:	GET
Request URI:	http://localhost:8888/api/person/v1/findPeopleByName/and?page=0&size=12&direction=asc
Proxy:			<none>
Request params:	<none>
Query params:	page=0
				size=12
				direction=asc
Form params:	<none>
Path params:	firstName=and
Headers:		Origin=https://www.erudio.com.br
				Accept=application/json
Cookies:		<none>
Multiparts:		<none>
Body:			<none>
2026-08-27T21:37:22.058-03:00  INFO 15036 --- [rest-with-spring-boot-and-java-erudio] [nio-8888-exec-7] br.com.erudio.services.PersonServices    : Finding People by name!
HTTP/1.1 200 
Vary: Origin
Vary: Access-Control-Request-Method
Vary: Access-Control-Request-Headers
Access-Control-Allow-Origin: https://www.erudio.com.br
Access-Control-Allow-Credentials: true
Content-Type: application/json
Transfer-Encoding: chunked
Date: Fri, 28 Aug 2026 00:37:22 GMT
Keep-Alive: timeout=60
Connection: keep-alive

{
    "_embedded": {
        "people": [
            {
                "id": 817,
                "firstName": "Alessandro",
                "lastName": "McFaul",
                "birthDay": null,
                "address": "5 Lukken Plaza",
                "gender": "Male",
                "enabled": true,
                "sensitiveData": null,
                "_links": {
                    "self": {
                        "href": "http://localhost:8888/api/person/v1/817",
                        "type": "GET"
                    },
                    "findAll": {
                        "href": "http://localhost:8888/api/person/v1?page=1&size=12&direction=asc",
                        "type": "GET"
                    },
                    "create": {
                        "href": "http://localhost:8888/api/person/v1",
                        "type": "POST"
                    },
                    "update": {
                        "href": "http://localhost:8888/api/person/v1",
                        "type": "PUT"
                    },
                    "disable": {
                        "href": "http://localhost:8888/api/person/v1/817",
                        "type": "PATCH"
                    },
                    "delete": {
                        "href": "http://localhost:8888/api/person/v1/817",
                        "type": "DELETE"
                    }
                }
            },
            {
                "id": 770,
                "firstName": "Andrey",
                "lastName": "Climar",
                "birthDay": null,
                "address": "77478 Northridge Point",
                "gender": "Male",
                "enabled": true,
                "sensitiveData": null,
                "_links": {
                    "self": {
                        "href": "http://localhost:8888/api/person/v1/770",
                        "type": "GET"
                    },
                    "findAll": {
                        "href": "http://localhost:8888/api/person/v1?page=1&size=12&direction=asc",
                        "type": "GET"
                    },
                    "create": {
                        "href": "http://localhost:8888/api/person/v1",
                        "type": "POST"
                    },
                    "update": {
                        "href": "http://localhost:8888/api/person/v1",
                        "type": "PUT"
                    },
                    "disable": {
                        "href": "http://localhost:8888/api/person/v1/770",
                        "type": "PATCH"
                    },
                    "delete": {
                        "href": "http://localhost:8888/api/person/v1/770",
                        "type": "DELETE"
                    }
                }
            },
            {
                "id": 562,
                "firstName": "Bertrando",
                "lastName": "Becconsall",
                "birthDay": null,
                "address": "35 Dryden Junction",
                "gender": "Male",
                "enabled": true,
                "sensitiveData": null,
                "_links": {
                    "self": {
                        "href": "http://localhost:8888/api/person/v1/562",
                        "type": "GET"
                    },
                    "findAll": {
                        "href": "http://localhost:8888/api/person/v1?page=1&size=12&direction=asc",
                        "type": "GET"
                    },
                    "create": {
                        "href": "http://localhost:8888/api/person/v1",
                        "type": "POST"
                    },
                    "update": {
                        "href": "http://localhost:8888/api/person/v1",
                        "type": "PUT"
                    },
                    "disable": {
                        "href": "http://localhost:8888/api/person/v1/562",
                        "type": "PATCH"
                    },
                    "delete": {
                        "href": "http://localhost:8888/api/person/v1/562",
                        "type": "DELETE"
                    }
                }
            },
            {
                "id": 48,
                "firstName": "Brander",
                "lastName": "Besnardeau",
                "birthDay": null,
                "address": "81352 Melby Lane",
                "gender": "Male",
                "enabled": false,
                "sensitiveData": null,
                "_links": {
                    "self": {
                        "href": "http://localhost:8888/api/person/v1/48",
                        "type": "GET"
                    },
                    "findAll": {
                        "href": "http://localhost:8888/api/person/v1?page=1&size=12&direction=asc",
                        "type": "GET"
                    },
                    "create": {
                        "href": "http://localhost:8888/api/person/v1",
                        "type": "POST"
                    },
                    "update": {
                        "href": "http://localhost:8888/api/person/v1",
                        "type": "PUT"
                    },
                    "disable": {
                        "href": "http://localhost:8888/api/person/v1/48",
                        "type": "PATCH"
                    },
                    "delete": {
                        "href": "http://localhost:8888/api/person/v1/48",
                        "type": "DELETE"
                    }
                }
            },
            {
                "id": 796,
                "firstName": "Brandyn",
                "lastName": "Grasha",
                "birthDay": null,
                "address": "96 Mosinee Parkway",
                "gender": "Male",
                "enabled": true,
                "sensitiveData": null,
                "_links": {
                    "self": {
                        "href": "http://localhost:8888/api/person/v1/796",
                        "type": "GET"
                    },
                    "findAll": {
                        "href": "http://localhost:8888/api/person/v1?page=1&size=12&direction=asc",
                        "type": "GET"
                    },
                    "create": {
                        "href": "http://localhost:8888/api/person/v1",
                        "type": "POST"
                    },
                    "update": {
                        "href": "http://localhost:8888/api/person/v1",
                        "type": "PUT"
                    },
                    "disable": {
                        "href": "http://localhost:8888/api/person/v1/796",
                        "type": "PATCH"
                    },
                    "delete": {
                        "href": "http://localhost:8888/api/person/v1/796",
                        "type": "DELETE"
                    }
                }
            },
            {
                "id": 164,
                "firstName": "Cassandra",
                "lastName": "O'Keefe",
                "birthDay": null,
                "address": "20163 Summer Ridge Avenue",
                "gender": "Female",
                "enabled": false,
                "sensitiveData": null,
                "_links": {
                    "self": {
                        "href": "http://localhost:8888/api/person/v1/164",
                        "type": "GET"
                    },
                    "findAll": {
                        "href": "http://localhost:8888/api/person/v1?page=1&size=12&direction=asc",
                        "type": "GET"
                    },
                    "create": {
                        "href": "http://localhost:8888/api/person/v1",
                        "type": "POST"
                    },
                    "update": {
                        "href": "http://localhost:8888/api/person/v1",
                        "type": "PUT"
                    },
                    "disable": {
                        "href": "http://localhost:8888/api/person/v1/164",
                        "type": "PATCH"
                    },
                    "delete": {
                        "href": "http://localhost:8888/api/person/v1/164",
                        "type": "DELETE"
                    }
                }
            },
            {
                "id": 330,
                "firstName": "Cassandre",
                "lastName": "Mollen",
                "birthDay": null,
                "address": "939 Marquette Way",
                "gender": "Female",
                "enabled": true,
                "sensitiveData": null,
                "_links": {
                    "self": {
                        "href": "http://localhost:8888/api/person/v1/330",
                        "type": "GET"
                    },
                    "findAll": {
                        "href": "http://localhost:8888/api/person/v1?page=1&size=12&direction=asc",
                        "type": "GET"
                    },
                    "create": {
                        "href": "http://localhost:8888/api/person/v1",
                        "type": "POST"
                    },
                    "update": {
                        "href": "http://localhost:8888/api/person/v1",
                        "type": "PUT"
                    },
                    "disable": {
                        "href": "http://localhost:8888/api/person/v1/330",
                        "type": "PATCH"
                    },
                    "delete": {
                        "href": "http://localhost:8888/api/person/v1/330",
                        "type": "DELETE"
                    }
                }
            },
            {
                "id": 567,
                "firstName": "Kandy",
                "lastName": "Colquhoun",
                "birthDay": null,
                "address": "92 Doe Crossing Crossing",
                "gender": "Female",
                "enabled": false,
                "sensitiveData": null,
                "_links": {
                    "self": {
                        "href": "http://localhost:8888/api/person/v1/567",
                        "type": "GET"
                    },
                    "findAll": {
                        "href": "http://localhost:8888/api/person/v1?page=1&size=12&direction=asc",
                        "type": "GET"
                    },
                    "create": {
                        "href": "http://localhost:8888/api/person/v1",
                        "type": "POST"
                    },
                    "update": {
                        "href": "http://localhost:8888/api/person/v1",
                        "type": "PUT"
                    },
                    "disable": {
                        "href": "http://localhost:8888/api/person/v1/567",
                        "type": "PATCH"
                    },
                    "delete": {
                        "href": "http://localhost:8888/api/person/v1/567",
                        "type": "DELETE"
                    }
                }
            },
            {
                "id": 709,
                "firstName": "Leland",
                "lastName": "Bedo",
                "birthDay": null,
                "address": "852 Atwood Park",
                "gender": "Female",
                "enabled": false,
                "sensitiveData": null,
                "_links": {
                    "self": {
                        "href": "http://localhost:8888/api/person/v1/709",
                        "type": "GET"
                    },
                    "findAll": {
                        "href": "http://localhost:8888/api/person/v1?page=1&size=12&direction=asc",
                        "type": "GET"
                    },
                    "create": {
                        "href": "http://localhost:8888/api/person/v1",
                        "type": "POST"
                    },
                    "update": {
                        "href": "http://localhost:8888/api/person/v1",
                        "type": "PUT"
                    },
                    "disable": {
                        "href": "http://localhost:8888/api/person/v1/709",
                        "type": "PATCH"
                    },
                    "delete": {
                        "href": "http://localhost:8888/api/person/v1/709",
                        "type": "DELETE"
                    }
                }
            },
            {
                "id": 974,
                "firstName": "Mandel",
                "lastName": "Tokley",
                "birthDay": null,
                "address": "8885 Shasta Circle",
                "gender": "Male",
                "enabled": true,
                "sensitiveData": null,
                "_links": {
                    "self": {
                        "href": "http://localhost:8888/api/person/v1/974",
                        "type": "GET"
                    },
                    "findAll": {
                        "href": "http://localhost:8888/api/person/v1?page=1&size=12&direction=asc",
                        "type": "GET"
                    },
                    "create": {
                        "href": "http://localhost:8888/api/person/v1",
                        "type": "POST"
                    },
                    "update": {
                        "href": "http://localhost:8888/api/person/v1",
                        "type": "PUT"
                    },
                    "disable": {
                        "href": "http://localhost:8888/api/person/v1/974",
                        "type": "PATCH"
                    },
                    "delete": {
                        "href": "http://localhost:8888/api/person/v1/974",
                        "type": "DELETE"
                    }
                }
            },
            {
                "id": 291,
                "firstName": "Miranda",
                "lastName": "Widdowes",
                "birthDay": null,
                "address": "6 Onsgard Alley",
                "gender": "Female",
                "enabled": false,
                "sensitiveData": null,
                "_links": {
                    "self": {
                        "href": "http://localhost:8888/api/person/v1/291",
                        "type": "GET"
                    },
                    "findAll": {
                        "href": "http://localhost:8888/api/person/v1?page=1&size=12&direction=asc",
                        "type": "GET"
                    },
                    "create": {
                        "href": "http://localhost:8888/api/person/v1",
                        "type": "POST"
                    },
                    "update": {
                        "href": "http://localhost:8888/api/person/v1",
                        "type": "PUT"
                    },
                    "disable": {
                        "href": "http://localhost:8888/api/person/v1/291",
                        "type": "PATCH"
                    },
                    "delete": {
                        "href": "http://localhost:8888/api/person/v1/291",
                        "type": "DELETE"
                    }
                }
            },
            {
                "id": 389,
                "firstName": "Randal",
                "lastName": "Broadbear",
                "birthDay": null,
                "address": "162 Moulton Junction",
                "gender": "Male",
                "enabled": true,
                "sensitiveData": null,
                "_links": {
                    "self": {
                        "href": "http://localhost:8888/api/person/v1/389",
                        "type": "GET"
                    },
                    "findAll": {
                        "href": "http://localhost:8888/api/person/v1?page=1&size=12&direction=asc",
                        "type": "GET"
                    },
                    "create": {
                        "href": "http://localhost:8888/api/person/v1",
                        "type": "POST"
                    },
                    "update": {
                        "href": "http://localhost:8888/api/person/v1",
                        "type": "PUT"
                    },
                    "disable": {
                        "href": "http://localhost:8888/api/person/v1/389",
                        "type": "PATCH"
                    },
                    "delete": {
                        "href": "http://localhost:8888/api/person/v1/389",
                        "type": "DELETE"
                    }
                }
            }
        ]
    },
    "_links": {
        "first": {
            "href": "http://localhost:8888/api/person/v1?direction=firstName%3A%20ASC&page=0&size=12&sort=firstName,asc"
        },
        "self": {
            "href": "http://localhost:8888/api/person/v1?page=0&size=12&direction=firstName%3A%20ASC"
        },
        "next": {
            "href": "http://localhost:8888/api/person/v1?direction=firstName%3A%20ASC&page=1&size=12&sort=firstName,asc"
        },
        "last": {
            "href": "http://localhost:8888/api/person/v1?direction=firstName%3A%20ASC&page=1&size=12&sort=firstName,asc"
        }
    },
    "page": {
        "size": 12,
        "totalElements": 16,
        "totalPages": 2,
        "number": 0
    }
}
]]></system-out>
  </testcase>
</testsuite>