<?xml version="1.0" encoding="UTF-8"?>
<testsuite xmlns:xsi="http://www.w3.org/2001/XMLSchema-instance" xsi:noNamespaceSchemaLocation="https://maven.apache.org/surefire/maven-surefire-plugin/xsd/surefire-test-report.xsd" version="3.0.2" name="br.com.erudio.integrationtests.controllers.cors.withjson.PersonControllerCorsTest" time="35.643" tests="4" errors="0" skipped="0" failures="0">
  <properties>
[...]
</properties>
  <testcase name="create" classname="br.com.erudio.integrationtests.controllers.cors.withjson.PersonControllerCorsTest" time="1.878">
    <system-out><![CDATA[10:35:28.450 [main] INFO org.springframework.test.context.support.AnnotationConfigContextLoaderUtils -- Could not detect default configuration classes for test class [br.com.erudio.integrationtests.testcontainers.AbstractIntegrationTest]: AbstractIntegrationTest does not declare any static, non-private, non-final, nested classes annotated with @Configuration.
10:35:28.621 [main] INFO org.springframework.boot.test.context.SpringBootTestContextBootstrapper -- Found @SpringBootConfiguration br.com.erudio.Startup for test class br.com.erudio.integrationtests.controllers.cors.withjson.PersonControllerCorsTest
10:35:29.150 [main] INFO org.testcontainers.images.PullPolicy -- Image pull policy will be performed by: DefaultPullPolicy()
10:35:29.153 [main] INFO org.testcontainers.utility.ImageNameSubstitutor -- Image name substitution will be performed by: DefaultImageNameSubstitutor (composite of 'ConfigurationFileImageNameSubstitutor' and 'PrefixingImageNameSubstitutor')
10:35:29.223 [main] INFO org.springframework.boot.devtools.restart.RestartApplicationListener -- Restart disabled due to context in which it is running

  .   ____          _            __ _ _
 /\\ / ___'_ __ _ _(_)_ __  __ _ \ \ \ \
( ( )\___ | '_ | '_| | '_ \/ _` | \ \ \ \
 \\/  ___)| |_)| | | | | || (_| |  ) ) ) )
  '  |____| .__|_| |_|_| |_\__, | / / / /
 =========|_|==============|___/=/_/_/_/

 :: Spring Boot ::                (v3.4.0)

2026-08-22T10:35:29.595-03:00  INFO 21760 --- [rest-with-spring-boot-and-java-erudio] [ers-lifecycle-0] org.testcontainers.DockerClientFactory   : Testcontainers version: 1.20.4
2026-08-22T10:35:29.830-03:00  INFO 21760 --- [rest-with-spring-boot-and-java-erudio] [ers-lifecycle-0] o.t.d.DockerClientProviderStrategy       : Loaded org.testcontainers.dockerclient.NpipeSocketClientProviderStrategy from ~/.testcontainers.properties, will try it first
2026-08-22T10:35:30.234-03:00  INFO 21760 --- [rest-with-spring-boot-and-java-erudio] [ers-lifecycle-0] o.t.d.DockerClientProviderStrategy       : Found Docker environment with local Npipe socket (npipe:////./pipe/docker_engine)
2026-08-22T10:35:30.235-03:00  INFO 21760 --- [rest-with-spring-boot-and-java-erudio] [ers-lifecycle-0] org.testcontainers.DockerClientFactory   : Docker host IP address is localhost
2026-08-22T10:35:30.257-03:00  INFO 21760 --- [rest-with-spring-boot-and-java-erudio] [ers-lifecycle-0] org.testcontainers.DockerClientFactory   : Connected to docker: 
  Server Version: 28.3.2
  API Version: 1.51
  Operating System: Docker Desktop
  Total Memory: 7863 MB
  Labels: 
    com.docker.desktop.address=npipe://\\.\pipe\docker_cli
2026-08-22T10:35:30.387-03:00  INFO 21760 --- [rest-with-spring-boot-and-java-erudio] [ers-lifecycle-0] tc.testcontainers/ryuk:0.11.0            : Creating container for image: testcontainers/ryuk:0.11.0
2026-08-22T10:35:30.661-03:00  INFO 21760 --- [rest-with-spring-boot-and-java-erudio] [ers-lifecycle-0] tc.testcontainers/ryuk:0.11.0            : Container testcontainers/ryuk:0.11.0 is starting: 81fe437d6bd45d63821282485784eb4eba5d2eea0755d3a4498242ad46a28eae
2026-08-22T10:35:31.258-03:00  INFO 21760 --- [rest-with-spring-boot-and-java-erudio] [ers-lifecycle-0] tc.testcontainers/ryuk:0.11.0            : Container testcontainers/ryuk:0.11.0 started in PT0.8706338S
2026-08-22T10:35:31.267-03:00  INFO 21760 --- [rest-with-spring-boot-and-java-erudio] [ers-lifecycle-0] o.t.utility.RyukResourceReaper           : Ryuk started - will monitor and terminate Testcontainers containers on JVM exit
2026-08-22T10:35:31.267-03:00  INFO 21760 --- [rest-with-spring-boot-and-java-erudio] [ers-lifecycle-0] org.testcontainers.DockerClientFactory   : Checking the system...
2026-08-22T10:35:31.267-03:00  INFO 21760 --- [rest-with-spring-boot-and-java-erudio] [ers-lifecycle-0] org.testcontainers.DockerClientFactory   : ✔︎ Docker server version should be at least 1.6.0
2026-08-22T10:35:31.270-03:00  INFO 21760 --- [rest-with-spring-boot-and-java-erudio] [ers-lifecycle-0] tc.mysql:9.1.0                           : Creating container for image: mysql:9.1.0
2026-08-22T10:35:31.552-03:00  INFO 21760 --- [rest-with-spring-boot-and-java-erudio] [ers-lifecycle-0] tc.mysql:9.1.0                           : Container mysql:9.1.0 is starting: c81a66e8f2ce83196faea4cb82fdcf0c88b335c0c925f422264e1e23f0911889
2026-08-22T10:35:31.853-03:00  INFO 21760 --- [rest-with-spring-boot-and-java-erudio] [ers-lifecycle-0] tc.mysql:9.1.0                           : Waiting for database connection to become available at jdbc:mysql://localhost:56961/test using query 'SELECT 1'
2026-08-22T10:35:55.189-03:00  INFO 21760 --- [rest-with-spring-boot-and-java-erudio] [ers-lifecycle-0] tc.mysql:9.1.0                           : Container mysql:9.1.0 started in PT23.9189764S
2026-08-22T10:35:55.190-03:00  INFO 21760 --- [rest-with-spring-boot-and-java-erudio] [ers-lifecycle-0] tc.mysql:9.1.0                           : Container is started (JDBC URL: jdbc:mysql://localhost:56961/test)
2026-08-22T10:35:55.195-03:00  INFO 21760 --- [rest-with-spring-boot-and-java-erudio] [           main] b.c.e.i.c.c.w.PersonControllerCorsTest   : Starting PersonControllerCorsTest using Java 21.0.9 with PID 21760 (started by liedson in X:\Programacao\Desenvolvimento Back-end\rest-with-spring-boot-and-java-erudio)
2026-08-22T10:35:55.196-03:00  INFO 21760 --- [rest-with-spring-boot-and-java-erudio] [           main] b.c.e.i.c.c.w.PersonControllerCorsTest   : No active profile set, falling back to 1 default profile: "default"
2026-08-22T10:35:56.239-03:00  INFO 21760 --- [rest-with-spring-boot-and-java-erudio] [           main] .s.d.r.c.RepositoryConfigurationDelegate : Bootstrapping Spring Data JPA repositories in DEFAULT mode.
2026-08-22T10:35:56.332-03:00  INFO 21760 --- [rest-with-spring-boot-and-java-erudio] [           main] .s.d.r.c.RepositoryConfigurationDelegate : Finished Spring Data repository scanning in 81 ms. Found 2 JPA repository interfaces.
2026-08-22T10:35:57.082-03:00  INFO 21760 --- [rest-with-spring-boot-and-java-erudio] [           main] o.s.b.w.embedded.tomcat.TomcatWebServer  : Tomcat initialized with port 8888 (http)
2026-08-22T10:35:57.107-03:00  INFO 21760 --- [rest-with-spring-boot-and-java-erudio] [           main] o.apache.catalina.core.StandardService   : Starting service [Tomcat]
2026-08-22T10:35:57.107-03:00  INFO 21760 --- [rest-with-spring-boot-and-java-erudio] [           main] o.apache.catalina.core.StandardEngine    : Starting Servlet engine: [Apache Tomcat/10.1.33]
2026-08-22T10:35:57.194-03:00  INFO 21760 --- [rest-with-spring-boot-and-java-erudio] [           main] o.a.c.c.C.[Tomcat].[localhost].[/]       : Initializing Spring embedded WebApplicationContext
2026-08-22T10:35:57.195-03:00  INFO 21760 --- [rest-with-spring-boot-and-java-erudio] [           main] w.s.c.ServletWebServerApplicationContext : Root WebApplicationContext: initialization completed in 1829 ms
2026-08-22T10:35:57.481-03:00  INFO 21760 --- [rest-with-spring-boot-and-java-erudio] [           main] com.zaxxer.hikari.HikariDataSource       : HikariPool-1 - Starting...
2026-08-22T10:35:57.692-03:00  INFO 21760 --- [rest-with-spring-boot-and-java-erudio] [           main] com.zaxxer.hikari.pool.HikariPool        : HikariPool-1 - Added connection com.mysql.cj.jdbc.ConnectionImpl@2e6b379c
2026-08-22T10:35:57.694-03:00  INFO 21760 --- [rest-with-spring-boot-and-java-erudio] [           main] com.zaxxer.hikari.HikariDataSource       : HikariPool-1 - Start completed.
2026-08-22T10:35:57.745-03:00  INFO 21760 --- [rest-with-spring-boot-and-java-erudio] [           main] org.flywaydb.core.FlywayExecutor         : Database: jdbc:mysql://localhost:56961/test (MySQL 9.1)
2026-08-22T10:35:58.186-03:00  WARN 21760 --- [rest-with-spring-boot-and-java-erudio] [           main] o.f.c.internal.database.base.Database    : Flyway upgrade recommended: MySQL 9.1 is newer than this version of Flyway and support has not been tested. The latest supported version of MySQL is 8.1.
2026-08-22T10:35:58.225-03:00  INFO 21760 --- [rest-with-spring-boot-and-java-erudio] [           main] o.f.c.i.s.JdbcTableSchemaHistory         : Schema history table `test`.`flyway_schema_history` does not exist yet
2026-08-22T10:35:58.229-03:00  INFO 21760 --- [rest-with-spring-boot-and-java-erudio] [           main] o.f.core.internal.command.DbValidate     : Successfully validated 5 migrations (execution time 00:00.028s)
2026-08-22T10:35:58.285-03:00  INFO 21760 --- [rest-with-spring-boot-and-java-erudio] [           main] o.f.c.i.s.JdbcTableSchemaHistory         : Creating Schema History table `test`.`flyway_schema_history` ...
2026-08-22T10:35:58.404-03:00  INFO 21760 --- [rest-with-spring-boot-and-java-erudio] [           main] o.f.core.internal.command.DbMigrate      : Current version of schema `test`: << Empty Schema >>
2026-08-22T10:35:58.416-03:00  INFO 21760 --- [rest-with-spring-boot-and-java-erudio] [           main] o.f.core.internal.command.DbMigrate      : Migrating schema `test` to version "1 - Create Table Person"
2026-08-22T10:35:58.448-03:00  WARN 21760 --- [rest-with-spring-boot-and-java-erudio] [           main] o.f.c.i.s.DefaultSqlScriptExecutor       : DB: Integer display width is deprecated and will be removed in a future release. (SQL State: HY000 - Error Code: 1681)
2026-08-22T10:35:58.495-03:00  INFO 21760 --- [rest-with-spring-boot-and-java-erudio] [           main] o.f.core.internal.command.DbMigrate      : Migrating schema `test` to version "2 - Populate Table Person"
2026-08-22T10:35:58.537-03:00  INFO 21760 --- [rest-with-spring-boot-and-java-erudio] [           main] o.f.core.internal.command.DbMigrate      : Migrating schema `test` to version "3 - Create Table Books"
2026-08-22T10:35:58.562-03:00  WARN 21760 --- [rest-with-spring-boot-and-java-erudio] [           main] o.f.c.i.s.DefaultSqlScriptExecutor       : DB: Integer display width is deprecated and will be removed in a future release. (SQL State: HY000 - Error Code: 1681)
2026-08-22T10:35:58.602-03:00  INFO 21760 --- [rest-with-spring-boot-and-java-erudio] [           main] o.f.core.internal.command.DbMigrate      : Migrating schema `test` to version "4 - Insert Data In Books"
2026-08-22T10:35:58.646-03:00  INFO 21760 --- [rest-with-spring-boot-and-java-erudio] [           main] o.f.core.internal.command.DbMigrate      : Migrating schema `test` to version "5 - Alter Table Person"
2026-08-22T10:35:58.707-03:00  INFO 21760 --- [rest-with-spring-boot-and-java-erudio] [           main] o.f.core.internal.command.DbMigrate      : Successfully applied 5 migrations to schema `test`, now at version v5 (execution time 00:00.117s)
2026-08-22T10:35:58.813-03:00  INFO 21760 --- [rest-with-spring-boot-and-java-erudio] [           main] o.hibernate.jpa.internal.util.LogHelper  : HHH000204: Processing PersistenceUnitInfo [name: default]
2026-08-22T10:35:58.883-03:00  INFO 21760 --- [rest-with-spring-boot-and-java-erudio] [           main] org.hibernate.Version                    : HHH000412: Hibernate ORM core version 6.6.2.Final
2026-08-22T10:35:58.922-03:00  INFO 21760 --- [rest-with-spring-boot-and-java-erudio] [           main] o.h.c.internal.RegionFactoryInitiator    : HHH000026: Second-level cache disabled
2026-08-22T10:35:59.202-03:00  INFO 21760 --- [rest-with-spring-boot-and-java-erudio] [           main] o.s.o.j.p.SpringPersistenceUnitInfo      : No LoadTimeWeaver setup: ignoring JPA class transformer
2026-08-22T10:35:59.279-03:00  INFO 21760 --- [rest-with-spring-boot-and-java-erudio] [           main] org.hibernate.orm.connections.pooling    : HHH10001005: Database info:
	Database JDBC URL [Connecting through datasource 'HikariDataSource (HikariPool-1)']
	Database driver: undefined/unknown
	Database version: 9.1
	Autocommit mode: undefined/unknown
	Isolation level: undefined/unknown
	Minimum pool size: undefined/unknown
	Maximum pool size: undefined/unknown
2026-08-22T10:36:00.005-03:00  INFO 21760 --- [rest-with-spring-boot-and-java-erudio] [           main] o.h.e.t.j.p.i.JtaPlatformInitiator       : HHH000489: No JTA platform available (set 'hibernate.transaction.jta.platform' to enable JTA platform integration)
2026-08-22T10:36:00.008-03:00  INFO 21760 --- [rest-with-spring-boot-and-java-erudio] [           main] j.LocalContainerEntityManagerFactoryBean : Initialized JPA EntityManagerFactory for persistence unit 'default'
2026-08-22T10:36:00.310-03:00  INFO 21760 --- [rest-with-spring-boot-and-java-erudio] [           main] o.s.d.j.r.query.QueryEnhancerFactory     : Hibernate is in classpath; If applicable, HQL parser will be used.
2026-08-22T10:36:01.840-03:00  INFO 21760 --- [rest-with-spring-boot-and-java-erudio] [           main] o.s.b.w.embedded.tomcat.TomcatWebServer  : Tomcat started on port 8888 (http) with context path '/'
2026-08-22T10:36:01.851-03:00  INFO 21760 --- [rest-with-spring-boot-and-java-erudio] [           main] b.c.e.i.c.c.w.PersonControllerCorsTest   : Started PersonControllerCorsTest in 32.643 seconds (process running for 34.527)
Request method:	POST
Request URI:	http://localhost:8888/api/person/v1
Proxy:			<none>
Request params:	<none>
Query params:	<none>
Form params:	<none>
Path params:	<none>
Headers:		Origin=https://www.erudio.com.br
				Accept=*/*
				Content-Type=application/json
Cookies:		<none>
Multiparts:		<none>
Body:
{
    "id": null,
    "firstName": "Richard",
    "lastName": "Stallman",
    "birthDay": null,
    "address": "New York City - New York - USA",
    "gender": "Male",
    "enabled": true,
    "sensitiveData": null,
    "links": [
        
    ]
}
2026-08-22T10:36:03.318-03:00  INFO 21760 --- [rest-with-spring-boot-and-java-erudio] [nio-8888-exec-1] o.a.c.c.C.[Tomcat].[localhost].[/]       : Initializing Spring DispatcherServlet 'dispatcherServlet'
2026-08-22T10:36:03.318-03:00  INFO 21760 --- [rest-with-spring-boot-and-java-erudio] [nio-8888-exec-1] o.s.web.servlet.DispatcherServlet        : Initializing Servlet 'dispatcherServlet'
2026-08-22T10:36:03.319-03:00  INFO 21760 --- [rest-with-spring-boot-and-java-erudio] [nio-8888-exec-1] o.s.web.servlet.DispatcherServlet        : Completed initialization in 1 ms
2026-08-22T10:36:03.394-03:00  INFO 21760 --- [rest-with-spring-boot-and-java-erudio] [nio-8888-exec-1] br.com.erudio.services.PersonServices    : Creating one Person!
2026-08-22T10:36:03.404-03:00  INFO 21760 --- [rest-with-spring-boot-and-java-erudio] [nio-8888-exec-1] c.g.dozermapper.core.util.RuntimeUtils   : OSGi support is false
2026-08-22T10:36:03.405-03:00  INFO 21760 --- [rest-with-spring-boot-and-java-erudio] [nio-8888-exec-1] c.g.d.core.DozerBeanMapperBuilder        : Initializing Dozer. Version: 7.0.0, Thread Name: http-nio-8888-exec-1
2026-08-22T10:36:03.409-03:00  INFO 21760 --- [rest-with-spring-boot-and-java-erudio] [nio-8888-exec-1] d.c.c.r.LegacyPropertiesSettingsResolver : Trying to find Dozer configuration file: dozer.properties
2026-08-22T10:36:03.409-03:00  INFO 21760 --- [rest-with-spring-boot-and-java-erudio] [nio-8888-exec-1] d.c.c.r.LegacyPropertiesSettingsResolver : Failed to find dozer.properties via com.github.dozermapper.core.config.resolvers.LegacyPropertiesSettingsResolver.
2026-08-22T10:36:03.412-03:00  INFO 21760 --- [rest-with-spring-boot-and-java-erudio] [nio-8888-exec-1] c.g.d.core.el.ELExpressionFactory        : jakarta.el is not supported; Failed to resolve ExpressionFactory, com.sun.el.ExpressionFactoryImpl
HTTP/1.1 200 
Vary: Origin
Vary: Access-Control-Request-Method
Vary: Access-Control-Request-Headers
Access-Control-Allow-Origin: https://www.erudio.com.br
Access-Control-Allow-Credentials: true
Content-Type: application/json
Transfer-Encoding: chunked
Date: Sat, 22 Aug 2026 13:36:03 GMT
Keep-Alive: timeout=60
Connection: keep-alive

{
    "id": 13,
    "firstName": "Richard",
    "lastName": "Stallman",
    "birthDay": null,
    "address": "New York City - New York - USA",
    "gender": "Male",
    "enabled": true,
    "sensitiveData": null,
    "_links": {
        "self": {
            "href": "http://localhost:8888/api/person/v1/13",
            "type": "GET"
        },
        "findAll": {
            "href": "http://localhost:8888/api/person/v1",
            "type": "GET"
        },
        "create": {
            "href": "http://localhost:8888/api/person/v1",
            "type": "POST"
        },
        "update": {
            "href": "http://localhost:8888/api/person/v1",
            "type": "PUT"
        },
        "disable": {
            "href": "http://localhost:8888/api/person/v1/13",
            "type": "PATCH"
        },
        "delete": {
            "href": "http://localhost:8888/api/person/v1/13",
            "type": "DELETE"
        }
    }
}
]]></system-out>
    <system-err><![CDATA[Mockito is currently self-attaching to enable the inline-mock-maker. This will no longer work in future releases of the JDK. Please add Mockito as an agent to your build what is described in Mockito's documentation: https://javadoc.io/doc/org.mockito/mockito-core/latest/org/mockito/Mockito.html#0.3
WARNING: A Java agent has been loaded dynamically (C:\Users\liedson\.m2\repository\net\bytebuddy\byte-buddy-agent\1.15.10\byte-buddy-agent-1.15.10.jar)
WARNING: If a serviceability tool is in use, please run with -XX:+EnableDynamicAgentLoading to hide this warning
WARNING: If a serviceability tool is not in use, please run with -Djdk.instrument.traceUsage for more information
WARNING: Dynamic loading of agents will be disallowed by default in a future release
]]></system-err>
  </testcase>
  <testcase name="createWithWrongOrigin" classname="br.com.erudio.integrationtests.controllers.cors.withjson.PersonControllerCorsTest" time="0.023">
    <system-out><![CDATA[Request method:	POST
Request URI:	http://localhost:8888/api/person/v1
Proxy:			<none>
Request params:	<none>
Query params:	<none>
Form params:	<none>
Path params:	<none>
Headers:		Origin=https://www.semeru.com.br
				Accept=*/*
				Content-Type=application/json
Cookies:		<none>
Multiparts:		<none>
Body:
{
    "id": 13,
    "firstName": "Richard",
    "lastName": "Stallman",
    "birthDay": null,
    "address": "New York City - New York - USA",
    "gender": "Male",
    "enabled": true,
    "sensitiveData": null,
    "links": [
        
    ]
}
HTTP/1.1 403 
Vary: Origin
Vary: Access-Control-Request-Method
Vary: Access-Control-Request-Headers
Transfer-Encoding: chunked
Date: Sat, 22 Aug 2026 13:36:03 GMT
Keep-Alive: timeout=60
Connection: keep-alive

Invalid CORS request
]]></system-out>
  </testcase>
  <testcase name="findById" classname="br.com.erudio.integrationtests.controllers.cors.withjson.PersonControllerCorsTest" time="0.092">
    <system-out><![CDATA[Request method:	GET
Request URI:	http://localhost:8888/api/person/v1/13
Proxy:			<none>
Request params:	<none>
Query params:	<none>
Form params:	<none>
Path params:	id=13
Headers:		Origin=http://localhost:8080
				Accept=*/*
				Content-Type=application/json
Cookies:		<none>
Multiparts:		<none>
Body:			<none>
2026-08-22T10:36:03.799-03:00  INFO 21760 --- [rest-with-spring-boot-and-java-erudio] [nio-8888-exec-2] br.com.erudio.services.PersonServices    : Finding one Person!
HTTP/1.1 200 
Vary: Origin
Vary: Access-Control-Request-Method
Vary: Access-Control-Request-Headers
Access-Control-Allow-Origin: http://localhost:8080
Access-Control-Allow-Credentials: true
Content-Type: application/json
Transfer-Encoding: chunked
Date: Sat, 22 Aug 2026 13:36:03 GMT
Keep-Alive: timeout=60
Connection: keep-alive

{
    "id": 13,
    "firstName": "Richard",
    "lastName": "Stallman",
    "phoneNumber": "123456789",
    "birthDay": "22/08/2026",
    "address": "New York City - New York - USA",
    "gender": "Male",
    "enabled": true,
    "sensitiveData": "Foo Bar",
    "_links": {
        "self": {
            "href": "http://localhost:8888/api/person/v1/13",
            "type": "GET"
        },
        "findAll": {
            "href": "http://localhost:8888/api/person/v1",
            "type": "GET"
        },
        "create": {
            "href": "http://localhost:8888/api/person/v1",
            "type": "POST"
        },
        "update": {
            "href": "http://localhost:8888/api/person/v1",
            "type": "PUT"
        },
        "disable": {
            "href": "http://localhost:8888/api/person/v1/13",
            "type": "PATCH"
        },
        "delete": {
            "href": "http://localhost:8888/api/person/v1/13",
            "type": "DELETE"
        }
    }
}
]]></system-out>
  </testcase>
  <testcase name="findByIdWithWrongOrigin" classname="br.com.erudio.integrationtests.controllers.cors.withjson.PersonControllerCorsTest" time="0.019">
    <system-out><![CDATA[Request method:	GET
Request URI:	http://localhost:8888/api/person/v1/13
Proxy:			<none>
Request params:	<none>
Query params:	<none>
Form params:	<none>
Path params:	id=13
Headers:		Origin=https://www.semeru.com.br
				Accept=*/*
				Content-Type=application/json
Cookies:		<none>
Multiparts:		<none>
Body:			<none>
HTTP/1.1 403 
Vary: Origin
Vary: Access-Control-Request-Method
Vary: Access-Control-Request-Headers
Transfer-Encoding: chunked
Date: Sat, 22 Aug 2026 13:36:03 GMT
Keep-Alive: timeout=60
Connection: keep-alive

Invalid CORS request
]]></system-out>
  </testcase>
</testsuite>