<?xml version="1.0" encoding="UTF-8"?>
<testsuite xmlns:xsi="http://www.w3.org/2001/XMLSchema-instance" xsi:noNamespaceSchemaLocation="https://maven.apache.org/surefire/maven-surefire-plugin/xsd/surefire-test-report.xsd" version="3.0.2" name="br.com.erudio.integrationtests.controllers.withxml.PersonControllerXmlTest" time="0.35" tests="7" errors="0" skipped="0" failures="0">
  <properties>
[...]
</properties>
  <testcase name="createTest" classname="br.com.erudio.integrationtests.controllers.withxml.PersonControllerXmlTest" time="0.076">
    <system-out><![CDATA[2026-09-07T16:31:30.555-03:00  INFO 17924 --- [rest-with-spring-boot-and-java-erudio] [           main] t.c.s.AnnotationConfigContextLoaderUtils : Could not detect default configuration classes for test class [br.com.erudio.integrationtests.testcontainers.AbstractIntegrationTest]: AbstractIntegrationTest does not declare any static, non-private, non-final, nested classes annotated with @Configuration.
2026-09-07T16:31:30.556-03:00  INFO 17924 --- [rest-with-spring-boot-and-java-erudio] [           main] .b.t.c.SpringBootTestContextBootstrapper : Found @SpringBootConfiguration br.com.erudio.Startup for test class br.com.erudio.integrationtests.controllers.withxml.PersonControllerXmlTest
Request method:	POST
Request URI:	http://localhost:8888/api/person/v1
Proxy:			<none>
Request params:	<none>
Query params:	<none>
Form params:	<none>
Path params:	<none>
Headers:		Origin=https://www.erudio.com.br
				Accept=application/xml
				Content-Type=application/xml; charset=ISO-8859-1
Cookies:		<none>
Multiparts:		<none>
Body:
<personDTO>
  <address>Helsinki - Finland</address>
  <enabled>true</enabled>
  <firstName>Linus</firstName>
  <gender>Male</gender>
  <lastName>Torvalds</lastName>
</personDTO>
2026-09-07T16:31:30.593-03:00  INFO 17924 --- [rest-with-spring-boot-and-java-erudio] [nio-8888-exec-4] br.com.erudio.services.PersonServices    : Creating one Person!
HTTP/1.1 200 
Vary: Origin
Vary: Access-Control-Request-Method
Vary: Access-Control-Request-Headers
Access-Control-Allow-Origin: https://www.erudio.com.br
Access-Control-Allow-Credentials: true
Content-Type: application/xml
Transfer-Encoding: chunked
Date: Mon, 07 Sep 2026 19:31:30 GMT
Keep-Alive: timeout=60
Connection: keep-alive

<PersonDTO>
  <id>1015</id>
  <firstName>Linus</firstName>
  <lastName>Torvalds</lastName>
  <birthDay/>
  <address>Helsinki - Finland</address>
  <gender>Male</gender>
  <enabled>true</enabled>
  <sensitiveData/>
  <links>
    <rel>self</rel>
    <href>http://localhost:8888/api/person/v1/1015</href>
    <type>GET</type>
  </links>
  <links>
    <rel>findAll</rel>
    <href>http://localhost:8888/api/person/v1?page=1&amp;size=12&amp;direction=asc</href>
    <type>GET</type>
  </links>
  <links>
    <rel>findByName</rel>
    <href>http://localhost:8888/api/person/v1/findPeopleByName/?page=1&amp;size=12&amp;direction=asc</href>
    <type>GET</type>
  </links>
  <links>
    <rel>create</rel>
    <href>http://localhost:8888/api/person/v1</href>
    <type>POST</type>
  </links>
  <links>
    <rel>massCreation</rel>
    <href>http://localhost:8888/api/person/v1/massCreation</href>
    <type>POST</type>
  </links>
  <links>
    <rel>update</rel>
    <href>http://localhost:8888/api/person/v1</href>
    <type>PUT</type>
  </links>
  <links>
    <rel>disable</rel>
    <href>http://localhost:8888/api/person/v1/1015</href>
    <type>PATCH</type>
  </links>
  <links>
    <rel>delete</rel>
    <href>http://localhost:8888/api/person/v1/1015</href>
    <type>DELETE</type>
  </links>
  <links>
    <rel>exportPage</rel>
    <href>http://localhost:8888/api/person/v1/exportPage?page=1&amp;size=12&amp;direction=asc</href>
    <title>Export people</title>
    <type>GET</type>
  </links>
</PersonDTO>
]]></system-out>
  </testcase>
  <testcase name="updateTest" classname="br.com.erudio.integrationtests.controllers.withxml.PersonControllerXmlTest" time="0.047">
    <system-out><![CDATA[Request method:	PUT
Request URI:	http://localhost:8888/api/person/v1
Proxy:			<none>
Request params:	<none>
Query params:	<none>
Form params:	<none>
Path params:	<none>
Headers:		Origin=https://www.erudio.com.br
				Accept=application/xml
				Content-Type=application/xml; charset=ISO-8859-1
Cookies:		<none>
Multiparts:		<none>
Body:
<personDTO>
  <address>Helsinki - Finland</address>
  <enabled>true</enabled>
  <firstName>Linus</firstName>
  <gender>Male</gender>
  <id>1015</id>
  <lastName>Benedict Torvalds</lastName>
</personDTO>
2026-09-07T16:31:30.651-03:00  INFO 17924 --- [rest-with-spring-boot-and-java-erudio] [nio-8888-exec-3] br.com.erudio.services.PersonServices    : Updating one Person!
HTTP/1.1 200 
Vary: Origin
Vary: Access-Control-Request-Method
Vary: Access-Control-Request-Headers
Access-Control-Allow-Origin: https://www.erudio.com.br
Access-Control-Allow-Credentials: true
Content-Type: application/xml
Transfer-Encoding: chunked
Date: Mon, 07 Sep 2026 19:31:30 GMT
Keep-Alive: timeout=60
Connection: keep-alive

<PersonDTO>
  <id>1015</id>
  <firstName>Linus</firstName>
  <lastName>Benedict Torvalds</lastName>
  <birthDay/>
  <address>Helsinki - Finland</address>
  <gender>Male</gender>
  <enabled>true</enabled>
  <sensitiveData/>
  <links>
    <rel>self</rel>
    <href>http://localhost:8888/api/person/v1/1015</href>
    <type>GET</type>
  </links>
  <links>
    <rel>findAll</rel>
    <href>http://localhost:8888/api/person/v1?page=1&amp;size=12&amp;direction=asc</href>
    <type>GET</type>
  </links>
  <links>
    <rel>findByName</rel>
    <href>http://localhost:8888/api/person/v1/findPeopleByName/?page=1&amp;size=12&amp;direction=asc</href>
    <type>GET</type>
  </links>
  <links>
    <rel>create</rel>
    <href>http://localhost:8888/api/person/v1</href>
    <type>POST</type>
  </links>
  <links>
    <rel>massCreation</rel>
    <href>http://localhost:8888/api/person/v1/massCreation</href>
    <type>POST</type>
  </links>
  <links>
    <rel>update</rel>
    <href>http://localhost:8888/api/person/v1</href>
    <type>PUT</type>
  </links>
  <links>
    <rel>disable</rel>
    <href>http://localhost:8888/api/person/v1/1015</href>
    <type>PATCH</type>
  </links>
  <links>
    <rel>delete</rel>
    <href>http://localhost:8888/api/person/v1/1015</href>
    <type>DELETE</type>
  </links>
  <links>
    <rel>exportPage</rel>
    <href>http://localhost:8888/api/person/v1/exportPage?page=1&amp;size=12&amp;direction=asc</href>
    <title>Export people</title>
    <type>GET</type>
  </links>
</PersonDTO>
]]></system-out>
  </testcase>
  <testcase name="findByIdTest" classname="br.com.erudio.integrationtests.controllers.withxml.PersonControllerXmlTest" time="0.023">
    <system-out><![CDATA[Request method:	GET
Request URI:	http://localhost:8888/api/person/v1/1015
Proxy:			<none>
Request params:	<none>
Query params:	<none>
Form params:	<none>
Path params:	id=1015
Headers:		Origin=https://www.erudio.com.br
				Accept=application/xml
				Content-Type=application/xml; charset=ISO-8859-1
Cookies:		<none>
Multiparts:		<none>
Body:			<none>
2026-09-07T16:31:30.692-03:00  INFO 17924 --- [rest-with-spring-boot-and-java-erudio] [nio-8888-exec-5] br.com.erudio.services.PersonServices    : Finding one Person!
HTTP/1.1 200 
Vary: Origin
Vary: Access-Control-Request-Method
Vary: Access-Control-Request-Headers
Access-Control-Allow-Origin: https://www.erudio.com.br
Access-Control-Allow-Credentials: true
Content-Type: application/xml
Transfer-Encoding: chunked
Date: Mon, 07 Sep 2026 19:31:30 GMT
Keep-Alive: timeout=60
Connection: keep-alive

<PersonDTO>
  <id>1015</id>
  <firstName>Linus</firstName>
  <lastName>Benedict Torvalds</lastName>
  <phoneNumber>123456789</phoneNumber>
  <birthDay>07/09/2026</birthDay>
  <address>Helsinki - Finland</address>
  <gender>Male</gender>
  <enabled>true</enabled>
  <sensitiveData>Foo Bar</sensitiveData>
  <links>
    <rel>self</rel>
    <href>http://localhost:8888/api/person/v1/1015</href>
    <type>GET</type>
  </links>
  <links>
    <rel>findAll</rel>
    <href>http://localhost:8888/api/person/v1?page=1&amp;size=12&amp;direction=asc</href>
    <type>GET</type>
  </links>
  <links>
    <rel>findByName</rel>
    <href>http://localhost:8888/api/person/v1/findPeopleByName/?page=1&amp;size=12&amp;direction=asc</href>
    <type>GET</type>
  </links>
  <links>
    <rel>create</rel>
    <href>http://localhost:8888/api/person/v1</href>
    <type>POST</type>
  </links>
  <links>
    <rel>massCreation</rel>
    <href>http://localhost:8888/api/person/v1/massCreation</href>
    <type>POST</type>
  </links>
  <links>
    <rel>update</rel>
    <href>http://localhost:8888/api/person/v1</href>
    <type>PUT</type>
  </links>
  <links>
    <rel>disable</rel>
    <href>http://localhost:8888/api/person/v1/1015</href>
    <type>PATCH</type>
  </links>
  <links>
    <rel>delete</rel>
    <href>http://localhost:8888/api/person/v1/1015</href>
    <type>DELETE</type>
  </links>
  <links>
    <rel>exportPage</rel>
    <href>http://localhost:8888/api/person/v1/exportPage?page=1&amp;size=12&amp;direction=asc</href>
    <title>Export people</title>
    <type>GET</type>
  </links>
</PersonDTO>
]]></system-out>
  </testcase>
  <testcase name="disableTest" classname="br.com.erudio.integrationtests.controllers.withxml.PersonControllerXmlTest" time="0.036">
    <system-out><![CDATA[Request method:	PATCH
Request URI:	http://localhost:8888/api/person/v1/1015
Proxy:			<none>
Request params:	<none>
Query params:	<none>
Form params:	<none>
Path params:	id=1015
Headers:		Origin=https://www.erudio.com.br
				Accept=application/xml
				Content-Type=application/xml; charset=ISO-8859-1
Cookies:		<none>
Multiparts:		<none>
Body:			<none>
2026-09-07T16:31:30.715-03:00  INFO 17924 --- [rest-with-spring-boot-and-java-erudio] [nio-8888-exec-6] br.com.erudio.services.PersonServices    : Disabling one Person!
HTTP/1.1 200 
Vary: Origin
Vary: Access-Control-Request-Method
Vary: Access-Control-Request-Headers
Access-Control-Allow-Origin: https://www.erudio.com.br
Access-Control-Allow-Credentials: true
Content-Type: application/xml
Transfer-Encoding: chunked
Date: Mon, 07 Sep 2026 19:31:30 GMT
Keep-Alive: timeout=60
Connection: keep-alive

<PersonDTO>
  <id>1015</id>
  <firstName>Linus</firstName>
  <lastName>Benedict Torvalds</lastName>
  <birthDay/>
  <address>Helsinki - Finland</address>
  <gender>Male</gender>
  <enabled>false</enabled>
  <sensitiveData/>
  <links>
    <rel>self</rel>
    <href>http://localhost:8888/api/person/v1/1015</href>
    <type>GET</type>
  </links>
  <links>
    <rel>findAll</rel>
    <href>http://localhost:8888/api/person/v1?page=1&amp;size=12&amp;direction=asc</href>
    <type>GET</type>
  </links>
  <links>
    <rel>findByName</rel>
    <href>http://localhost:8888/api/person/v1/findPeopleByName/?page=1&amp;size=12&amp;direction=asc</href>
    <type>GET</type>
  </links>
  <links>
    <rel>create</rel>
    <href>http://localhost:8888/api/person/v1</href>
    <type>POST</type>
  </links>
  <links>
    <rel>massCreation</rel>
    <href>http://localhost:8888/api/person/v1/massCreation</href>
    <type>POST</type>
  </links>
  <links>
    <rel>update</rel>
    <href>http://localhost:8888/api/person/v1</href>
    <type>PUT</type>
  </links>
  <links>
    <rel>disable</rel>
    <href>http://localhost:8888/api/person/v1/1015</href>
    <type>PATCH</type>
  </links>
  <links>
    <rel>delete</rel>
    <href>http://localhost:8888/api/person/v1/1015</href>
    <type>DELETE</type>
  </links>
  <links>
    <rel>exportPage</rel>
    <href>http://localhost:8888/api/person/v1/exportPage?page=1&amp;size=12&amp;direction=asc</href>
    <title>Export people</title>
    <type>GET</type>
  </links>
</PersonDTO>
]]></system-out>
  </testcase>
  <testcase name="deleteTest" classname="br.com.erudio.integrationtests.controllers.withxml.PersonControllerXmlTest" time="0.047">
    <system-out><![CDATA[Request method:	DELETE
Request URI:	http://localhost:8888/api/person/v1/1015
Proxy:			<none>
Request params:	<none>
Query params:	<none>
Form params:	<none>
Path params:	id=1015
Headers:		Origin=https://www.erudio.com.br
				Accept=*/*
Cookies:		<none>
Multiparts:		<none>
Body:			<none>
2026-09-07T16:31:30.756-03:00  INFO 17924 --- [rest-with-spring-boot-and-java-erudio] [nio-8888-exec-1] br.com.erudio.services.PersonServices    : Deleting one Person!
HTTP/1.1 204 
Vary: Origin
Vary: Access-Control-Request-Method
Vary: Access-Control-Request-Headers
Access-Control-Allow-Origin: https://www.erudio.com.br
Access-Control-Allow-Credentials: true
Date: Mon, 07 Sep 2026 19:31:30 GMT
Keep-Alive: timeout=60
Connection: keep-alive
]]></system-out>
  </testcase>
  <testcase name="findAllTest" classname="br.com.erudio.integrationtests.controllers.withxml.PersonControllerXmlTest" time="0.065">
    <system-out><![CDATA[Request method:	GET
Request URI:	http://localhost:8888/api/person/v1?page=3&size=12&direction=asc
Proxy:			<none>
Request params:	<none>
Query params:	page=3
				size=12
				direction=asc
Form params:	<none>
Path params:	<none>
Headers:		Origin=https://www.erudio.com.br
				Accept=application/xml
Cookies:		<none>
Multiparts:		<none>
Body:			<none>
2026-09-07T16:31:30.801-03:00  INFO 17924 --- [rest-with-spring-boot-and-java-erudio] [nio-8888-exec-9] br.com.erudio.services.PersonServices    : Finding all People!
HTTP/1.1 200 
Vary: Origin
Vary: Access-Control-Request-Method
Vary: Access-Control-Request-Headers
Access-Control-Allow-Origin: https://www.erudio.com.br
Access-Control-Allow-Credentials: true
Content-Type: application/xml
Transfer-Encoding: chunked
Date: Mon, 07 Sep 2026 19:31:30 GMT
Keep-Alive: timeout=60
Connection: keep-alive

<PagedModel>
  <links>
    <rel>first</rel>
    <href>http://localhost:8888/api/person/v1?direction=firstName%3A%20ASC&amp;page=0&amp;size=12&amp;sort=firstName,asc</href>
  </links>
  <links>
    <rel>prev</rel>
    <href>http://localhost:8888/api/person/v1?direction=firstName%3A%20ASC&amp;page=2&amp;size=12&amp;sort=firstName,asc</href>
  </links>
  <links>
    <rel>self</rel>
    <href>http://localhost:8888/api/person/v1?page=3&amp;size=12&amp;direction=firstName%3A%20ASC</href>
  </links>
  <links>
    <rel>next</rel>
    <href>http://localhost:8888/api/person/v1?direction=firstName%3A%20ASC&amp;page=4&amp;size=12&amp;sort=firstName,asc</href>
  </links>
  <links>
    <rel>last</rel>
    <href>http://localhost:8888/api/person/v1?direction=firstName%3A%20ASC&amp;page=84&amp;size=12&amp;sort=firstName,asc</href>
  </links>
  <content>
    <content>
      <id>799</id>
      <firstName>Allin</firstName>
      <lastName>Emmot</lastName>
      <birthDay/>
      <address>7913 Lindbergh Way</address>
      <gender>Male</gender>
      <enabled>false</enabled>
      <sensitiveData/>
      <links>
        <rel>self</rel>
        <href>http://localhost:8888/api/person/v1/799</href>
        <type>GET</type>
      </links>
      <links>
        <rel>findAll</rel>
        <href>http://localhost:8888/api/person/v1?page=1&amp;size=12&amp;direction=asc</href>
        <type>GET</type>
      </links>
      <links>
        <rel>findByName</rel>
        <href>http://localhost:8888/api/person/v1/findPeopleByName/?page=1&amp;size=12&amp;direction=asc</href>
        <type>GET</type>
      </links>
      <links>
        <rel>create</rel>
        <href>http://localhost:8888/api/person/v1</href>
        <type>POST</type>
      </links>
      <links>
        <rel>massCreation</rel>
        <href>http://localhost:8888/api/person/v1/massCreation</href>
        <type>POST</type>
      </links>
      <links>
        <rel>update</rel>
        <href>http://localhost:8888/api/person/v1</href>
        <type>PUT</type>
      </links>
      <links>
        <rel>disable</rel>
        <href>http://localhost:8888/api/person/v1/799</href>
        <type>PATCH</type>
      </links>
      <links>
        <rel>delete</rel>
        <href>http://localhost:8888/api/person/v1/799</href>
        <type>DELETE</type>
      </links>
      <links>
        <rel>exportPage</rel>
        <href>http://localhost:8888/api/person/v1/exportPage?page=1&amp;size=12&amp;direction=asc</href>
        <title>Export people</title>
        <type>GET</type>
      </links>
    </content>
    <content>
      <id>201</id>
      <firstName>Allin</firstName>
      <lastName>Otridge</lastName>
      <birthDay/>
      <address>09846 Independence Center</address>
      <gender>Male</gender>
      <enabled>false</enabled>
      <sensitiveData/>
      <links>
        <rel>self</rel>
        <href>http://localhost:8888/api/person/v1/201</href>
        <type>GET</type>
      </links>
      <links>
        <rel>findAll</rel>
        <href>http://localhost:8888/api/person/v1?page=1&amp;size=12&amp;direction=asc</href>
        <type>GET</type>
      </links>
      <links>
        <rel>findByName</rel>
        <href>http://localhost:8888/api/person/v1/findPeopleByName/?page=1&amp;size=12&amp;direction=asc</href>
        <type>GET</type>
      </links>
      <links>
        <rel>create</rel>
        <href>http://localhost:8888/api/person/v1</href>
        <type>POST</type>
      </links>
      <links>
        <rel>massCreation</rel>
        <href>http://localhost:8888/api/person/v1/massCreation</href>
        <type>POST</type>
      </links>
      <links>
        <rel>update</rel>
        <href>http://localhost:8888/api/person/v1</href>
        <type>PUT</type>
      </links>
      <links>
        <rel>disable</rel>
        <href>http://localhost:8888/api/person/v1/201</href>
        <type>PATCH</type>
      </links>
      <links>
        <rel>delete</rel>
        <href>http://localhost:8888/api/person/v1/201</href>
        <type>DELETE</type>
      </links>
      <links>
        <rel>exportPage</rel>
        <href>http://localhost:8888/api/person/v1/exportPage?page=1&amp;size=12&amp;direction=asc</href>
        <title>Export people</title>
        <type>GET</type>
      </links>
    </content>
    <content>
      <id>688</id>
      <firstName>Allyn</firstName>
      <lastName>Josh</lastName>
      <birthDay/>
      <address>119 Declaration Lane</address>
      <gender>Female</gender>
      <enabled>false</enabled>
      <sensitiveData/>
      <links>
        <rel>self</rel>
        <href>http://localhost:8888/api/person/v1/688</href>
        <type>GET</type>
      </links>
      <links>
        <rel>findAll</rel>
        <href>http://localhost:8888/api/person/v1?page=1&amp;size=12&amp;direction=asc</href>
        <type>GET</type>
      </links>
      <links>
        <rel>findByName</rel>
        <href>http://localhost:8888/api/person/v1/findPeopleByName/?page=1&amp;size=12&amp;direction=asc</href>
        <type>GET</type>
      </links>
      <links>
        <rel>create</rel>
        <href>http://localhost:8888/api/person/v1</href>
        <type>POST</type>
      </links>
      <links>
        <rel>massCreation</rel>
        <href>http://localhost:8888/api/person/v1/massCreation</href>
        <type>POST</type>
      </links>
      <links>
        <rel>update</rel>
        <href>http://localhost:8888/api/person/v1</href>
        <type>PUT</type>
      </links>
      <links>
        <rel>disable</rel>
        <href>http://localhost:8888/api/person/v1/688</href>
        <type>PATCH</type>
      </links>
      <links>
        <rel>delete</rel>
        <href>http://localhost:8888/api/person/v1/688</href>
        <type>DELETE</type>
      </links>
      <links>
        <rel>exportPage</rel>
        <href>http://localhost:8888/api/person/v1/exportPage?page=1&amp;size=12&amp;direction=asc</href>
        <title>Export people</title>
        <type>GET</type>
      </links>
    </content>
    <content>
      <id>689</id>
      <firstName>Almeria</firstName>
      <lastName>Curm</lastName>
      <birthDay/>
      <address>34 Burrows Point</address>
      <gender>Female</gender>
      <enabled>false</enabled>
      <sensitiveData/>
      <links>
        <rel>self</rel>
        <href>http://localhost:8888/api/person/v1/689</href>
        <type>GET</type>
      </links>
      <links>
        <rel>findAll</rel>
        <href>http://localhost:8888/api/person/v1?page=1&amp;size=12&amp;direction=asc</href>
        <type>GET</type>
      </links>
      <links>
        <rel>findByName</rel>
        <href>http://localhost:8888/api/person/v1/findPeopleByName/?page=1&amp;size=12&amp;direction=asc</href>
        <type>GET</type>
      </links>
      <links>
        <rel>create</rel>
        <href>http://localhost:8888/api/person/v1</href>
        <type>POST</type>
      </links>
      <links>
        <rel>massCreation</rel>
        <href>http://localhost:8888/api/person/v1/massCreation</href>
        <type>POST</type>
      </links>
      <links>
        <rel>update</rel>
        <href>http://localhost:8888/api/person/v1</href>
        <type>PUT</type>
      </links>
      <links>
        <rel>disable</rel>
        <href>http://localhost:8888/api/person/v1/689</href>
        <type>PATCH</type>
      </links>
      <links>
        <rel>delete</rel>
        <href>http://localhost:8888/api/person/v1/689</href>
        <type>DELETE</type>
      </links>
      <links>
        <rel>exportPage</rel>
        <href>http://localhost:8888/api/person/v1/exportPage?page=1&amp;size=12&amp;direction=asc</href>
        <title>Export people</title>
        <type>GET</type>
      </links>
    </content>
    <content>
      <id>211</id>
      <firstName>Alonso</firstName>
      <lastName>Luchelli</lastName>
      <birthDay/>
      <address>9 Doe Crossing Avenue</address>
      <gender>Male</gender>
      <enabled>false</enabled>
      <sensitiveData/>
      <links>
        <rel>self</rel>
        <href>http://localhost:8888/api/person/v1/211</href>
        <type>GET</type>
      </links>
      <links>
        <rel>findAll</rel>
        <href>http://localhost:8888/api/person/v1?page=1&amp;size=12&amp;direction=asc</href>
        <type>GET</type>
      </links>
      <links>
        <rel>findByName</rel>
        <href>http://localhost:8888/api/person/v1/findPeopleByName/?page=1&amp;size=12&amp;direction=asc</href>
        <type>GET</type>
      </links>
      <links>
        <rel>create</rel>
        <href>http://localhost:8888/api/person/v1</href>
        <type>POST</type>
      </links>
      <links>
        <rel>massCreation</rel>
        <href>http://localhost:8888/api/person/v1/massCreation</href>
        <type>POST</type>
      </links>
      <links>
        <rel>update</rel>
        <href>http://localhost:8888/api/person/v1</href>
        <type>PUT</type>
      </links>
      <links>
        <rel>disable</rel>
        <href>http://localhost:8888/api/person/v1/211</href>
        <type>PATCH</type>
      </links>
      <links>
        <rel>delete</rel>
        <href>http://localhost:8888/api/person/v1/211</href>
        <type>DELETE</type>
      </links>
      <links>
        <rel>exportPage</rel>
        <href>http://localhost:8888/api/person/v1/exportPage?page=1&amp;size=12&amp;direction=asc</href>
        <title>Export people</title>
        <type>GET</type>
      </links>
    </content>
    <content>
      <id>342</id>
      <firstName>Alphonso</firstName>
      <lastName>Eddisforth</lastName>
      <birthDay/>
      <address>485 Dayton Avenue</address>
      <gender>Male</gender>
      <enabled>true</enabled>
      <sensitiveData/>
      <links>
        <rel>self</rel>
        <href>http://localhost:8888/api/person/v1/342</href>
        <type>GET</type>
      </links>
      <links>
        <rel>findAll</rel>
        <href>http://localhost:8888/api/person/v1?page=1&amp;size=12&amp;direction=asc</href>
        <type>GET</type>
      </links>
      <links>
        <rel>findByName</rel>
        <href>http://localhost:8888/api/person/v1/findPeopleByName/?page=1&amp;size=12&amp;direction=asc</href>
        <type>GET</type>
      </links>
      <links>
        <rel>create</rel>
        <href>http://localhost:8888/api/person/v1</href>
        <type>POST</type>
      </links>
      <links>
        <rel>massCreation</rel>
        <href>http://localhost:8888/api/person/v1/massCreation</href>
        <type>POST</type>
      </links>
      <links>
        <rel>update</rel>
        <href>http://localhost:8888/api/person/v1</href>
        <type>PUT</type>
      </links>
      <links>
        <rel>disable</rel>
        <href>http://localhost:8888/api/person/v1/342</href>
        <type>PATCH</type>
      </links>
      <links>
        <rel>delete</rel>
        <href>http://localhost:8888/api/person/v1/342</href>
        <type>DELETE</type>
      </links>
      <links>
        <rel>exportPage</rel>
        <href>http://localhost:8888/api/person/v1/exportPage?page=1&amp;size=12&amp;direction=asc</href>
        <title>Export people</title>
        <type>GET</type>
      </links>
    </content>
    <content>
      <id>245</id>
      <firstName>Alvera</firstName>
      <lastName>MacMillan</lastName>
      <birthDay/>
      <address>59929 Loeprich Place</address>
      <gender>Female</gender>
      <enabled>false</enabled>
      <sensitiveData/>
      <links>
        <rel>self</rel>
        <href>http://localhost:8888/api/person/v1/245</href>
        <type>GET</type>
      </links>
      <links>
        <rel>findAll</rel>
        <href>http://localhost:8888/api/person/v1?page=1&amp;size=12&amp;direction=asc</href>
        <type>GET</type>
      </links>
      <links>
        <rel>findByName</rel>
        <href>http://localhost:8888/api/person/v1/findPeopleByName/?page=1&amp;size=12&amp;direction=asc</href>
        <type>GET</type>
      </links>
      <links>
        <rel>create</rel>
        <href>http://localhost:8888/api/person/v1</href>
        <type>POST</type>
      </links>
      <links>
        <rel>massCreation</rel>
        <href>http://localhost:8888/api/person/v1/massCreation</href>
        <type>POST</type>
      </links>
      <links>
        <rel>update</rel>
        <href>http://localhost:8888/api/person/v1</href>
        <type>PUT</type>
      </links>
      <links>
        <rel>disable</rel>
        <href>http://localhost:8888/api/person/v1/245</href>
        <type>PATCH</type>
      </links>
      <links>
        <rel>delete</rel>
        <href>http://localhost:8888/api/person/v1/245</href>
        <type>DELETE</type>
      </links>
      <links>
        <rel>exportPage</rel>
        <href>http://localhost:8888/api/person/v1/exportPage?page=1&amp;size=12&amp;direction=asc</href>
        <title>Export people</title>
        <type>GET</type>
      </links>
    </content>
    <content>
      <id>44</id>
      <firstName>Alwin</firstName>
      <lastName>Flockhart</lastName>
      <birthDay/>
      <address>81 Forest Run Alley</address>
      <gender>Male</gender>
      <enabled>false</enabled>
      <sensitiveData/>
      <links>
        <rel>self</rel>
        <href>http://localhost:8888/api/person/v1/44</href>
        <type>GET</type>
      </links>
      <links>
        <rel>findAll</rel>
        <href>http://localhost:8888/api/person/v1?page=1&amp;size=12&amp;direction=asc</href>
        <type>GET</type>
      </links>
      <links>
        <rel>findByName</rel>
        <href>http://localhost:8888/api/person/v1/findPeopleByName/?page=1&amp;size=12&amp;direction=asc</href>
        <type>GET</type>
      </links>
      <links>
        <rel>create</rel>
        <href>http://localhost:8888/api/person/v1</href>
        <type>POST</type>
      </links>
      <links>
        <rel>massCreation</rel>
        <href>http://localhost:8888/api/person/v1/massCreation</href>
        <type>POST</type>
      </links>
      <links>
        <rel>update</rel>
        <href>http://localhost:8888/api/person/v1</href>
        <type>PUT</type>
      </links>
      <links>
        <rel>disable</rel>
        <href>http://localhost:8888/api/person/v1/44</href>
        <type>PATCH</type>
      </links>
      <links>
        <rel>delete</rel>
        <href>http://localhost:8888/api/person/v1/44</href>
        <type>DELETE</type>
      </links>
      <links>
        <rel>exportPage</rel>
        <href>http://localhost:8888/api/person/v1/exportPage?page=1&amp;size=12&amp;direction=asc</href>
        <title>Export people</title>
        <type>GET</type>
      </links>
    </content>
    <content>
      <id>326</id>
      <firstName>Amargo</firstName>
      <lastName>Stalf</lastName>
      <birthDay/>
      <address>9 Golf View Trail</address>
      <gender>Female</gender>
      <enabled>true</enabled>
      <sensitiveData/>
      <links>
        <rel>self</rel>
        <href>http://localhost:8888/api/person/v1/326</href>
        <type>GET</type>
      </links>
      <links>
        <rel>findAll</rel>
        <href>http://localhost:8888/api/person/v1?page=1&amp;size=12&amp;direction=asc</href>
        <type>GET</type>
      </links>
      <links>
        <rel>findByName</rel>
        <href>http://localhost:8888/api/person/v1/findPeopleByName/?page=1&amp;size=12&amp;direction=asc</href>
        <type>GET</type>
      </links>
      <links>
        <rel>create</rel>
        <href>http://localhost:8888/api/person/v1</href>
        <type>POST</type>
      </links>
      <links>
        <rel>massCreation</rel>
        <href>http://localhost:8888/api/person/v1/massCreation</href>
        <type>POST</type>
      </links>
      <links>
        <rel>update</rel>
        <href>http://localhost:8888/api/person/v1</href>
        <type>PUT</type>
      </links>
      <links>
        <rel>disable</rel>
        <href>http://localhost:8888/api/person/v1/326</href>
        <type>PATCH</type>
      </links>
      <links>
        <rel>delete</rel>
        <href>http://localhost:8888/api/person/v1/326</href>
        <type>DELETE</type>
      </links>
      <links>
        <rel>exportPage</rel>
        <href>http://localhost:8888/api/person/v1/exportPage?page=1&amp;size=12&amp;direction=asc</href>
        <title>Export people</title>
        <type>GET</type>
      </links>
    </content>
    <content>
      <id>841</id>
      <firstName>Amberly</firstName>
      <lastName>Faherty</lastName>
      <birthDay/>
      <address>5906 Harbort Way</address>
      <gender>Female</gender>
      <enabled>false</enabled>
      <sensitiveData/>
      <links>
        <rel>self</rel>
        <href>http://localhost:8888/api/person/v1/841</href>
        <type>GET</type>
      </links>
      <links>
        <rel>findAll</rel>
        <href>http://localhost:8888/api/person/v1?page=1&amp;size=12&amp;direction=asc</href>
        <type>GET</type>
      </links>
      <links>
        <rel>findByName</rel>
        <href>http://localhost:8888/api/person/v1/findPeopleByName/?page=1&amp;size=12&amp;direction=asc</href>
        <type>GET</type>
      </links>
      <links>
        <rel>create</rel>
        <href>http://localhost:8888/api/person/v1</href>
        <type>POST</type>
      </links>
      <links>
        <rel>massCreation</rel>
        <href>http://localhost:8888/api/person/v1/massCreation</href>
        <type>POST</type>
      </links>
      <links>
        <rel>update</rel>
        <href>http://localhost:8888/api/person/v1</href>
        <type>PUT</type>
      </links>
      <links>
        <rel>disable</rel>
        <href>http://localhost:8888/api/person/v1/841</href>
        <type>PATCH</type>
      </links>
      <links>
        <rel>delete</rel>
        <href>http://localhost:8888/api/person/v1/841</href>
        <type>DELETE</type>
      </links>
      <links>
        <rel>exportPage</rel>
        <href>http://localhost:8888/api/person/v1/exportPage?page=1&amp;size=12&amp;direction=asc</href>
        <title>Export people</title>
        <type>GET</type>
      </links>
    </content>
    <content>
      <id>947</id>
      <firstName>Ambros</firstName>
      <lastName>Garrit</lastName>
      <birthDay/>
      <address>27 School Pass</address>
      <gender>Male</gender>
      <enabled>true</enabled>
      <sensitiveData/>
      <links>
        <rel>self</rel>
        <href>http://localhost:8888/api/person/v1/947</href>
        <type>GET</type>
      </links>
      <links>
        <rel>findAll</rel>
        <href>http://localhost:8888/api/person/v1?page=1&amp;size=12&amp;direction=asc</href>
        <type>GET</type>
      </links>
      <links>
        <rel>findByName</rel>
        <href>http://localhost:8888/api/person/v1/findPeopleByName/?page=1&amp;size=12&amp;direction=asc</href>
        <type>GET</type>
      </links>
      <links>
        <rel>create</rel>
        <href>http://localhost:8888/api/person/v1</href>
        <type>POST</type>
      </links>
      <links>
        <rel>massCreation</rel>
        <href>http://localhost:8888/api/person/v1/massCreation</href>
        <type>POST</type>
      </links>
      <links>
        <rel>update</rel>
        <href>http://localhost:8888/api/person/v1</href>
        <type>PUT</type>
      </links>
      <links>
        <rel>disable</rel>
        <href>http://localhost:8888/api/person/v1/947</href>
        <type>PATCH</type>
      </links>
      <links>
        <rel>delete</rel>
        <href>http://localhost:8888/api/person/v1/947</href>
        <type>DELETE</type>
      </links>
      <links>
        <rel>exportPage</rel>
        <href>http://localhost:8888/api/person/v1/exportPage?page=1&amp;size=12&amp;direction=asc</href>
        <title>Export people</title>
        <type>GET</type>
      </links>
    </content>
    <content>
      <id>571</id>
      <firstName>Ambrosio</firstName>
      <lastName>Walkowski</lastName>
      <birthDay/>
      <address>2613 Monument Junction</address>
      <gender>Male</gender>
      <enabled>true</enabled>
      <sensitiveData/>
      <links>
        <rel>self</rel>
        <href>http://localhost:8888/api/person/v1/571</href>
        <type>GET</type>
      </links>
      <links>
        <rel>findAll</rel>
        <href>http://localhost:8888/api/person/v1?page=1&amp;size=12&amp;direction=asc</href>
        <type>GET</type>
      </links>
      <links>
        <rel>findByName</rel>
        <href>http://localhost:8888/api/person/v1/findPeopleByName/?page=1&amp;size=12&amp;direction=asc</href>
        <type>GET</type>
      </links>
      <links>
        <rel>create</rel>
        <href>http://localhost:8888/api/person/v1</href>
        <type>POST</type>
      </links>
      <links>
        <rel>massCreation</rel>
        <href>http://localhost:8888/api/person/v1/massCreation</href>
        <type>POST</type>
      </links>
      <links>
        <rel>update</rel>
        <href>http://localhost:8888/api/person/v1</href>
        <type>PUT</type>
      </links>
      <links>
        <rel>disable</rel>
        <href>http://localhost:8888/api/person/v1/571</href>
        <type>PATCH</type>
      </links>
      <links>
        <rel>delete</rel>
        <href>http://localhost:8888/api/person/v1/571</href>
        <type>DELETE</type>
      </links>
      <links>
        <rel>exportPage</rel>
        <href>http://localhost:8888/api/person/v1/exportPage?page=1&amp;size=12&amp;direction=asc</href>
        <title>Export people</title>
        <type>GET</type>
      </links>
    </content>
  </content>
  <page>
    <size>12</size>
    <totalElements>1010</totalElements>
    <totalPages>85</totalPages>
    <number>3</number>
  </page>
</PagedModel>
]]></system-out>
  </testcase>
  <testcase name="findByNameTest" classname="br.com.erudio.integrationtests.controllers.withxml.PersonControllerXmlTest" time="0.046">
    <system-out><![CDATA[Request method:	GET
Request URI:	http://localhost:8888/api/person/v1/findPeopleByName/and?page=0&size=12&direction=asc
Proxy:			<none>
Request params:	<none>
Query params:	page=0
				size=12
				direction=asc
Form params:	<none>
Path params:	firstName=and
Headers:		Origin=https://www.erudio.com.br
				Accept=application/xml
Cookies:		<none>
Multiparts:		<none>
Body:			<none>
2026-09-07T16:31:30.868-03:00  INFO 17924 --- [rest-with-spring-boot-and-java-erudio] [io-8888-exec-10] br.com.erudio.services.PersonServices    : Finding People by name!
HTTP/1.1 200 
Vary: Origin
Vary: Access-Control-Request-Method
Vary: Access-Control-Request-Headers
Access-Control-Allow-Origin: https://www.erudio.com.br
Access-Control-Allow-Credentials: true
Content-Type: application/xml
Transfer-Encoding: chunked
Date: Mon, 07 Sep 2026 19:31:30 GMT
Keep-Alive: timeout=60
Connection: keep-alive

<PagedModel>
  <links>
    <rel>first</rel>
    <href>http://localhost:8888/api/person/v1?direction=firstName%3A%20ASC&amp;page=0&amp;size=12&amp;sort=firstName,asc</href>
  </links>
  <links>
    <rel>self</rel>
    <href>http://localhost:8888/api/person/v1?page=0&amp;size=12&amp;direction=firstName%3A%20ASC</href>
  </links>
  <links>
    <rel>next</rel>
    <href>http://localhost:8888/api/person/v1?direction=firstName%3A%20ASC&amp;page=1&amp;size=12&amp;sort=firstName,asc</href>
  </links>
  <links>
    <rel>last</rel>
    <href>http://localhost:8888/api/person/v1?direction=firstName%3A%20ASC&amp;page=1&amp;size=12&amp;sort=firstName,asc</href>
  </links>
  <content>
    <content>
      <id>817</id>
      <firstName>Alessandro</firstName>
      <lastName>McFaul</lastName>
      <birthDay/>
      <address>5 Lukken Plaza</address>
      <gender>Male</gender>
      <enabled>true</enabled>
      <sensitiveData/>
      <links>
        <rel>self</rel>
        <href>http://localhost:8888/api/person/v1/817</href>
        <type>GET</type>
      </links>
      <links>
        <rel>findAll</rel>
        <href>http://localhost:8888/api/person/v1?page=1&amp;size=12&amp;direction=asc</href>
        <type>GET</type>
      </links>
      <links>
        <rel>findByName</rel>
        <href>http://localhost:8888/api/person/v1/findPeopleByName/?page=1&amp;size=12&amp;direction=asc</href>
        <type>GET</type>
      </links>
      <links>
        <rel>create</rel>
        <href>http://localhost:8888/api/person/v1</href>
        <type>POST</type>
      </links>
      <links>
        <rel>massCreation</rel>
        <href>http://localhost:8888/api/person/v1/massCreation</href>
        <type>POST</type>
      </links>
      <links>
        <rel>update</rel>
        <href>http://localhost:8888/api/person/v1</href>
        <type>PUT</type>
      </links>
      <links>
        <rel>disable</rel>
        <href>http://localhost:8888/api/person/v1/817</href>
        <type>PATCH</type>
      </links>
      <links>
        <rel>delete</rel>
        <href>http://localhost:8888/api/person/v1/817</href>
        <type>DELETE</type>
      </links>
      <links>
        <rel>exportPage</rel>
        <href>http://localhost:8888/api/person/v1/exportPage?page=1&amp;size=12&amp;direction=asc</href>
        <title>Export people</title>
        <type>GET</type>
      </links>
    </content>
    <content>
      <id>770</id>
      <firstName>Andrey</firstName>
      <lastName>Climar</lastName>
      <birthDay/>
      <address>77478 Northridge Point</address>
      <gender>Male</gender>
      <enabled>true</enabled>
      <sensitiveData/>
      <links>
        <rel>self</rel>
        <href>http://localhost:8888/api/person/v1/770</href>
        <type>GET</type>
      </links>
      <links>
        <rel>findAll</rel>
        <href>http://localhost:8888/api/person/v1?page=1&amp;size=12&amp;direction=asc</href>
        <type>GET</type>
      </links>
      <links>
        <rel>findByName</rel>
        <href>http://localhost:8888/api/person/v1/findPeopleByName/?page=1&amp;size=12&amp;direction=asc</href>
        <type>GET</type>
      </links>
      <links>
        <rel>create</rel>
        <href>http://localhost:8888/api/person/v1</href>
        <type>POST</type>
      </links>
      <links>
        <rel>massCreation</rel>
        <href>http://localhost:8888/api/person/v1/massCreation</href>
        <type>POST</type>
      </links>
      <links>
        <rel>update</rel>
        <href>http://localhost:8888/api/person/v1</href>
        <type>PUT</type>
      </links>
      <links>
        <rel>disable</rel>
        <href>http://localhost:8888/api/person/v1/770</href>
        <type>PATCH</type>
      </links>
      <links>
        <rel>delete</rel>
        <href>http://localhost:8888/api/person/v1/770</href>
        <type>DELETE</type>
      </links>
      <links>
        <rel>exportPage</rel>
        <href>http://localhost:8888/api/person/v1/exportPage?page=1&amp;size=12&amp;direction=asc</href>
        <title>Export people</title>
        <type>GET</type>
      </links>
    </content>
    <content>
      <id>562</id>
      <firstName>Bertrando</firstName>
      <lastName>Becconsall</lastName>
      <birthDay/>
      <address>35 Dryden Junction</address>
      <gender>Male</gender>
      <enabled>true</enabled>
      <sensitiveData/>
      <links>
        <rel>self</rel>
        <href>http://localhost:8888/api/person/v1/562</href>
        <type>GET</type>
      </links>
      <links>
        <rel>findAll</rel>
        <href>http://localhost:8888/api/person/v1?page=1&amp;size=12&amp;direction=asc</href>
        <type>GET</type>
      </links>
      <links>
        <rel>findByName</rel>
        <href>http://localhost:8888/api/person/v1/findPeopleByName/?page=1&amp;size=12&amp;direction=asc</href>
        <type>GET</type>
      </links>
      <links>
        <rel>create</rel>
        <href>http://localhost:8888/api/person/v1</href>
        <type>POST</type>
      </links>
      <links>
        <rel>massCreation</rel>
        <href>http://localhost:8888/api/person/v1/massCreation</href>
        <type>POST</type>
      </links>
      <links>
        <rel>update</rel>
        <href>http://localhost:8888/api/person/v1</href>
        <type>PUT</type>
      </links>
      <links>
        <rel>disable</rel>
        <href>http://localhost:8888/api/person/v1/562</href>
        <type>PATCH</type>
      </links>
      <links>
        <rel>delete</rel>
        <href>http://localhost:8888/api/person/v1/562</href>
        <type>DELETE</type>
      </links>
      <links>
        <rel>exportPage</rel>
        <href>http://localhost:8888/api/person/v1/exportPage?page=1&amp;size=12&amp;direction=asc</href>
        <title>Export people</title>
        <type>GET</type>
      </links>
    </content>
    <content>
      <id>48</id>
      <firstName>Brander</firstName>
      <lastName>Besnardeau</lastName>
      <birthDay/>
      <address>81352 Melby Lane</address>
      <gender>Male</gender>
      <enabled>false</enabled>
      <sensitiveData/>
      <links>
        <rel>self</rel>
        <href>http://localhost:8888/api/person/v1/48</href>
        <type>GET</type>
      </links>
      <links>
        <rel>findAll</rel>
        <href>http://localhost:8888/api/person/v1?page=1&amp;size=12&amp;direction=asc</href>
        <type>GET</type>
      </links>
      <links>
        <rel>findByName</rel>
        <href>http://localhost:8888/api/person/v1/findPeopleByName/?page=1&amp;size=12&amp;direction=asc</href>
        <type>GET</type>
      </links>
      <links>
        <rel>create</rel>
        <href>http://localhost:8888/api/person/v1</href>
        <type>POST</type>
      </links>
      <links>
        <rel>massCreation</rel>
        <href>http://localhost:8888/api/person/v1/massCreation</href>
        <type>POST</type>
      </links>
      <links>
        <rel>update</rel>
        <href>http://localhost:8888/api/person/v1</href>
        <type>PUT</type>
      </links>
      <links>
        <rel>disable</rel>
        <href>http://localhost:8888/api/person/v1/48</href>
        <type>PATCH</type>
      </links>
      <links>
        <rel>delete</rel>
        <href>http://localhost:8888/api/person/v1/48</href>
        <type>DELETE</type>
      </links>
      <links>
        <rel>exportPage</rel>
        <href>http://localhost:8888/api/person/v1/exportPage?page=1&amp;size=12&amp;direction=asc</href>
        <title>Export people</title>
        <type>GET</type>
      </links>
    </content>
    <content>
      <id>796</id>
      <firstName>Brandyn</firstName>
      <lastName>Grasha</lastName>
      <birthDay/>
      <address>96 Mosinee Parkway</address>
      <gender>Male</gender>
      <enabled>true</enabled>
      <sensitiveData/>
      <links>
        <rel>self</rel>
        <href>http://localhost:8888/api/person/v1/796</href>
        <type>GET</type>
      </links>
      <links>
        <rel>findAll</rel>
        <href>http://localhost:8888/api/person/v1?page=1&amp;size=12&amp;direction=asc</href>
        <type>GET</type>
      </links>
      <links>
        <rel>findByName</rel>
        <href>http://localhost:8888/api/person/v1/findPeopleByName/?page=1&amp;size=12&amp;direction=asc</href>
        <type>GET</type>
      </links>
      <links>
        <rel>create</rel>
        <href>http://localhost:8888/api/person/v1</href>
        <type>POST</type>
      </links>
      <links>
        <rel>massCreation</rel>
        <href>http://localhost:8888/api/person/v1/massCreation</href>
        <type>POST</type>
      </links>
      <links>
        <rel>update</rel>
        <href>http://localhost:8888/api/person/v1</href>
        <type>PUT</type>
      </links>
      <links>
        <rel>disable</rel>
        <href>http://localhost:8888/api/person/v1/796</href>
        <type>PATCH</type>
      </links>
      <links>
        <rel>delete</rel>
        <href>http://localhost:8888/api/person/v1/796</href>
        <type>DELETE</type>
      </links>
      <links>
        <rel>exportPage</rel>
        <href>http://localhost:8888/api/person/v1/exportPage?page=1&amp;size=12&amp;direction=asc</href>
        <title>Export people</title>
        <type>GET</type>
      </links>
    </content>
    <content>
      <id>164</id>
      <firstName>Cassandra</firstName>
      <lastName>O'Keefe</lastName>
      <birthDay/>
      <address>20163 Summer Ridge Avenue</address>
      <gender>Female</gender>
      <enabled>false</enabled>
      <sensitiveData/>
      <links>
        <rel>self</rel>
        <href>http://localhost:8888/api/person/v1/164</href>
        <type>GET</type>
      </links>
      <links>
        <rel>findAll</rel>
        <href>http://localhost:8888/api/person/v1?page=1&amp;size=12&amp;direction=asc</href>
        <type>GET</type>
      </links>
      <links>
        <rel>findByName</rel>
        <href>http://localhost:8888/api/person/v1/findPeopleByName/?page=1&amp;size=12&amp;direction=asc</href>
        <type>GET</type>
      </links>
      <links>
        <rel>create</rel>
        <href>http://localhost:8888/api/person/v1</href>
        <type>POST</type>
      </links>
      <links>
        <rel>massCreation</rel>
        <href>http://localhost:8888/api/person/v1/massCreation</href>
        <type>POST</type>
      </links>
      <links>
        <rel>update</rel>
        <href>http://localhost:8888/api/person/v1</href>
        <type>PUT</type>
      </links>
      <links>
        <rel>disable</rel>
        <href>http://localhost:8888/api/person/v1/164</href>
        <type>PATCH</type>
      </links>
      <links>
        <rel>delete</rel>
        <href>http://localhost:8888/api/person/v1/164</href>
        <type>DELETE</type>
      </links>
      <links>
        <rel>exportPage</rel>
        <href>http://localhost:8888/api/person/v1/exportPage?page=1&amp;size=12&amp;direction=asc</href>
        <title>Export people</title>
        <type>GET</type>
      </links>
    </content>
    <content>
      <id>330</id>
      <firstName>Cassandre</firstName>
      <lastName>Mollen</lastName>
      <birthDay/>
      <address>939 Marquette Way</address>
      <gender>Female</gender>
      <enabled>true</enabled>
      <sensitiveData/>
      <links>
        <rel>self</rel>
        <href>http://localhost:8888/api/person/v1/330</href>
        <type>GET</type>
      </links>
      <links>
        <rel>findAll</rel>
        <href>http://localhost:8888/api/person/v1?page=1&amp;size=12&amp;direction=asc</href>
        <type>GET</type>
      </links>
      <links>
        <rel>findByName</rel>
        <href>http://localhost:8888/api/person/v1/findPeopleByName/?page=1&amp;size=12&amp;direction=asc</href>
        <type>GET</type>
      </links>
      <links>
        <rel>create</rel>
        <href>http://localhost:8888/api/person/v1</href>
        <type>POST</type>
      </links>
      <links>
        <rel>massCreation</rel>
        <href>http://localhost:8888/api/person/v1/massCreation</href>
        <type>POST</type>
      </links>
      <links>
        <rel>update</rel>
        <href>http://localhost:8888/api/person/v1</href>
        <type>PUT</type>
      </links>
      <links>
        <rel>disable</rel>
        <href>http://localhost:8888/api/person/v1/330</href>
        <type>PATCH</type>
      </links>
      <links>
        <rel>delete</rel>
        <href>http://localhost:8888/api/person/v1/330</href>
        <type>DELETE</type>
      </links>
      <links>
        <rel>exportPage</rel>
        <href>http://localhost:8888/api/person/v1/exportPage?page=1&amp;size=12&amp;direction=asc</href>
        <title>Export people</title>
        <type>GET</type>
      </links>
    </content>
    <content>
      <id>567</id>
      <firstName>Kandy</firstName>
      <lastName>Colquhoun</lastName>
      <birthDay/>
      <address>92 Doe Crossing Crossing</address>
      <gender>Female</gender>
      <enabled>false</enabled>
      <sensitiveData/>
      <links>
        <rel>self</rel>
        <href>http://localhost:8888/api/person/v1/567</href>
        <type>GET</type>
      </links>
      <links>
        <rel>findAll</rel>
        <href>http://localhost:8888/api/person/v1?page=1&amp;size=12&amp;direction=asc</href>
        <type>GET</type>
      </links>
      <links>
        <rel>findByName</rel>
        <href>http://localhost:8888/api/person/v1/findPeopleByName/?page=1&amp;size=12&amp;direction=asc</href>
        <type>GET</type>
      </links>
      <links>
        <rel>create</rel>
        <href>http://localhost:8888/api/person/v1</href>
        <type>POST</type>
      </links>
      <links>
        <rel>massCreation</rel>
        <href>http://localhost:8888/api/person/v1/massCreation</href>
        <type>POST</type>
      </links>
      <links>
        <rel>update</rel>
        <href>http://localhost:8888/api/person/v1</href>
        <type>PUT</type>
      </links>
      <links>
        <rel>disable</rel>
        <href>http://localhost:8888/api/person/v1/567</href>
        <type>PATCH</type>
      </links>
      <links>
        <rel>delete</rel>
        <href>http://localhost:8888/api/person/v1/567</href>
        <type>DELETE</type>
      </links>
      <links>
        <rel>exportPage</rel>
        <href>http://localhost:8888/api/person/v1/exportPage?page=1&amp;size=12&amp;direction=asc</href>
        <title>Export people</title>
        <type>GET</type>
      </links>
    </content>
    <content>
      <id>709</id>
      <firstName>Leland</firstName>
      <lastName>Bedo</lastName>
      <birthDay/>
      <address>852 Atwood Park</address>
      <gender>Female</gender>
      <enabled>false</enabled>
      <sensitiveData/>
      <links>
        <rel>self</rel>
        <href>http://localhost:8888/api/person/v1/709</href>
        <type>GET</type>
      </links>
      <links>
        <rel>findAll</rel>
        <href>http://localhost:8888/api/person/v1?page=1&amp;size=12&amp;direction=asc</href>
        <type>GET</type>
      </links>
      <links>
        <rel>findByName</rel>
        <href>http://localhost:8888/api/person/v1/findPeopleByName/?page=1&amp;size=12&amp;direction=asc</href>
        <type>GET</type>
      </links>
      <links>
        <rel>create</rel>
        <href>http://localhost:8888/api/person/v1</href>
        <type>POST</type>
      </links>
      <links>
        <rel>massCreation</rel>
        <href>http://localhost:8888/api/person/v1/massCreation</href>
        <type>POST</type>
      </links>
      <links>
        <rel>update</rel>
        <href>http://localhost:8888/api/person/v1</href>
        <type>PUT</type>
      </links>
      <links>
        <rel>disable</rel>
        <href>http://localhost:8888/api/person/v1/709</href>
        <type>PATCH</type>
      </links>
      <links>
        <rel>delete</rel>
        <href>http://localhost:8888/api/person/v1/709</href>
        <type>DELETE</type>
      </links>
      <links>
        <rel>exportPage</rel>
        <href>http://localhost:8888/api/person/v1/exportPage?page=1&amp;size=12&amp;direction=asc</href>
        <title>Export people</title>
        <type>GET</type>
      </links>
    </content>
    <content>
      <id>974</id>
      <firstName>Mandel</firstName>
      <lastName>Tokley</lastName>
      <birthDay/>
      <address>8885 Shasta Circle</address>
      <gender>Male</gender>
      <enabled>true</enabled>
      <sensitiveData/>
      <links>
        <rel>self</rel>
        <href>http://localhost:8888/api/person/v1/974</href>
        <type>GET</type>
      </links>
      <links>
        <rel>findAll</rel>
        <href>http://localhost:8888/api/person/v1?page=1&amp;size=12&amp;direction=asc</href>
        <type>GET</type>
      </links>
      <links>
        <rel>findByName</rel>
        <href>http://localhost:8888/api/person/v1/findPeopleByName/?page=1&amp;size=12&amp;direction=asc</href>
        <type>GET</type>
      </links>
      <links>
        <rel>create</rel>
        <href>http://localhost:8888/api/person/v1</href>
        <type>POST</type>
      </links>
      <links>
        <rel>massCreation</rel>
        <href>http://localhost:8888/api/person/v1/massCreation</href>
        <type>POST</type>
      </links>
      <links>
        <rel>update</rel>
        <href>http://localhost:8888/api/person/v1</href>
        <type>PUT</type>
      </links>
      <links>
        <rel>disable</rel>
        <href>http://localhost:8888/api/person/v1/974</href>
        <type>PATCH</type>
      </links>
      <links>
        <rel>delete</rel>
        <href>http://localhost:8888/api/person/v1/974</href>
        <type>DELETE</type>
      </links>
      <links>
        <rel>exportPage</rel>
        <href>http://localhost:8888/api/person/v1/exportPage?page=1&amp;size=12&amp;direction=asc</href>
        <title>Export people</title>
        <type>GET</type>
      </links>
    </content>
    <content>
      <id>291</id>
      <firstName>Miranda</firstName>
      <lastName>Widdowes</lastName>
      <birthDay/>
      <address>6 Onsgard Alley</address>
      <gender>Female</gender>
      <enabled>false</enabled>
      <sensitiveData/>
      <links>
        <rel>self</rel>
        <href>http://localhost:8888/api/person/v1/291</href>
        <type>GET</type>
      </links>
      <links>
        <rel>findAll</rel>
        <href>http://localhost:8888/api/person/v1?page=1&amp;size=12&amp;direction=asc</href>
        <type>GET</type>
      </links>
      <links>
        <rel>findByName</rel>
        <href>http://localhost:8888/api/person/v1/findPeopleByName/?page=1&amp;size=12&amp;direction=asc</href>
        <type>GET</type>
      </links>
      <links>
        <rel>create</rel>
        <href>http://localhost:8888/api/person/v1</href>
        <type>POST</type>
      </links>
      <links>
        <rel>massCreation</rel>
        <href>http://localhost:8888/api/person/v1/massCreation</href>
        <type>POST</type>
      </links>
      <links>
        <rel>update</rel>
        <href>http://localhost:8888/api/person/v1</href>
        <type>PUT</type>
      </links>
      <links>
        <rel>disable</rel>
        <href>http://localhost:8888/api/person/v1/291</href>
        <type>PATCH</type>
      </links>
      <links>
        <rel>delete</rel>
        <href>http://localhost:8888/api/person/v1/291</href>
        <type>DELETE</type>
      </links>
      <links>
        <rel>exportPage</rel>
        <href>http://localhost:8888/api/person/v1/exportPage?page=1&amp;size=12&amp;direction=asc</href>
        <title>Export people</title>
        <type>GET</type>
      </links>
    </content>
    <content>
      <id>389</id>
      <firstName>Randal</firstName>
      <lastName>Broadbear</lastName>
      <birthDay/>
      <address>162 Moulton Junction</address>
      <gender>Male</gender>
      <enabled>true</enabled>
      <sensitiveData/>
      <links>
        <rel>self</rel>
        <href>http://localhost:8888/api/person/v1/389</href>
        <type>GET</type>
      </links>
      <links>
        <rel>findAll</rel>
        <href>http://localhost:8888/api/person/v1?page=1&amp;size=12&amp;direction=asc</href>
        <type>GET</type>
      </links>
      <links>
        <rel>findByName</rel>
        <href>http://localhost:8888/api/person/v1/findPeopleByName/?page=1&amp;size=12&amp;direction=asc</href>
        <type>GET</type>
      </links>
      <links>
        <rel>create</rel>
        <href>http://localhost:8888/api/person/v1</href>
        <type>POST</type>
      </links>
      <links>
        <rel>massCreation</rel>
        <href>http://localhost:8888/api/person/v1/massCreation</href>
        <type>POST</type>
      </links>
      <links>
        <rel>update</rel>
        <href>http://localhost:8888/api/person/v1</href>
        <type>PUT</type>
      </links>
      <links>
        <rel>disable</rel>
        <href>http://localhost:8888/api/person/v1/389</href>
        <type>PATCH</type>
      </links>
      <links>
        <rel>delete</rel>
        <href>http://localhost:8888/api/person/v1/389</href>
        <type>DELETE</type>
      </links>
      <links>
        <rel>exportPage</rel>
        <href>http://localhost:8888/api/person/v1/exportPage?page=1&amp;size=12&amp;direction=asc</href>
        <title>Export people</title>
        <type>GET</type>
      </links>
    </content>
  </content>
  <page>
    <size>12</size>
    <totalElements>16</totalElements>
    <totalPages>2</totalPages>
    <number>0</number>
  </page>
</PagedModel>
]]></system-out>
  </testcase>
</testsuite>